{"meta": {"format": 3, "version": "7.13.5", "timestamp": "2026-04-12T17:10:49.328139", "branch_coverage": false, "show_contexts": false}, "files": {"src/compliance/adapters/__init__.py": {"executed_lines": [], "summary": {"covered_lines": 0, "num_statements": 0, "percent_covered": 100.0, "percent_covered_display": "100", "missing_lines": 0, "excluded_lines": 0, "percent_statements_covered": 100.0, "percent_statements_covered_display": "100"}, "missing_lines": [], "excluded_lines": [], "functions": {"": {"executed_lines": [], "summary": {"covered_lines": 0, "num_statements": 0, "percent_covered": 100.0, "percent_covered_display": "100", "missing_lines": 0, "excluded_lines": 0, "percent_statements_covered": 100.0, "percent_statements_covered_display": "100"}, "missing_lines": [], "excluded_lines": [], "start_line": 1}}, "classes": {"": {"executed_lines": [], "summary": {"covered_lines": 0, "num_statements": 0, "percent_covered": 100.0, "percent_covered_display": "100", "missing_lines": 0, "excluded_lines": 0, "percent_statements_covered": 100.0, "percent_statements_covered_display": "100"}, "missing_lines": [], "excluded_lines": [], "start_line": 1}}}, "src/compliance/adapters/banxe_aml_decision_adapter.py": {"executed_lines": [15, 17, 19, 20, 21, 24, 36, 37, 39, 48, 51, 52, 54, 55], "summary": {"covered_lines": 14, "num_statements": 14, "percent_covered": 100.0, "percent_covered_display": "100", "missing_lines": 0, "excluded_lines": 0, "percent_statements_covered": 100.0, "percent_statements_covered_display": "100"}, "missing_lines": [], "excluded_lines": [], "functions": {"BanxeAMLDecisionAdapter.__init__": {"executed_lines": [37], "summary": {"covered_lines": 1, "num_statements": 1, "percent_covered": 100.0, "percent_covered_display": "100", "missing_lines": 0, "excluded_lines": 0, "percent_statements_covered": 100.0, "percent_statements_covered_display": "100"}, "missing_lines": [], "excluded_lines": [], "start_line": 36}, "BanxeAMLDecisionAdapter.emit_decision": {"executed_lines": [48, 51, 52, 54, 55], "summary": {"covered_lines": 5, "num_statements": 5, "percent_covered": 100.0, "percent_covered_display": "100", "missing_lines": 0, "excluded_lines": 0, "percent_statements_covered": 100.0, "percent_statements_covered_display": "100"}, "missing_lines": [], "excluded_lines": [], "start_line": 39}, "": {"executed_lines": [15, 17, 19, 20, 21, 24, 36, 39], "summary": {"covered_lines": 8, "num_statements": 8, "percent_covered": 100.0, "percent_covered_display": "100", "missing_lines": 0, "excluded_lines": 0, "percent_statements_covered": 100.0, "percent_statements_covered_display": "100"}, "missing_lines": [], "excluded_lines": [], "start_line": 1}}, "classes": {"BanxeAMLDecisionAdapter": {"executed_lines": [37, 48, 51, 52, 54, 55], "summary": {"covered_lines": 6, "num_statements": 6, "percent_covered": 100.0, "percent_covered_display": "100", "missing_lines": 0, "excluded_lines": 0, "percent_statements_covered": 100.0, "percent_statements_covered_display": "100"}, "missing_lines": [], "excluded_lines": [], "start_line": 24}, "": {"executed_lines": [15, 17, 19, 20, 21, 24, 36, 39], "summary": {"covered_lines": 8, "num_statements": 8, "percent_covered": 100.0, "percent_covered_display": "100", "missing_lines": 0, "excluded_lines": 0, "percent_statements_covered": 100.0, "percent_statements_covered_display": "100"}, "missing_lines": [], "excluded_lines": [], "start_line": 1}}}, "src/compliance/adapters/chainalysis_adapter.py": {"executed_lines": [20, 22, 23, 24, 26, 27, 32, 33, 43, 44, 45, 46, 48, 49, 50, 56, 57, 58, 63, 64, 66, 67, 68, 69, 70, 71, 72, 73, 75, 76, 77, 79, 80, 81, 82, 83, 84, 100, 101, 103, 104, 105, 106, 107, 108, 109, 110, 112, 132, 145, 154, 155, 156, 158, 159, 160, 162, 177, 178, 181, 196, 197, 200, 231, 262], "summary": {"covered_lines": 65, "num_statements": 101, "percent_covered": 64.35643564356435, "percent_covered_display": "64", "missing_lines": 36, "excluded_lines": 0, "percent_statements_covered": 64.35643564356435, "percent_statements_covered_display": "64"}, "missing_lines": [113, 114, 115, 116, 179, 198, 201, 202, 203, 205, 206, 213, 214, 216, 217, 218, 228, 229, 232, 233, 234, 236, 237, 244, 245, 247, 248, 258, 259, 264, 265, 266, 267, 268, 269, 270], "excluded_lines": [], "functions": {"ChainalysisConfig.from_env": {"executed_lines": [50], "summary": {"covered_lines": 1, "num_statements": 1, "percent_covered": 100.0, "percent_covered_display": "100", "missing_lines": 0, "excluded_lines": 0, "percent_statements_covered": 100.0, "percent_statements_covered_display": "100"}, "missing_lines": [], "excluded_lines": [], "start_line": 49}, "ChainalysisConfig.is_configured": {"executed_lines": [58], "summary": {"covered_lines": 1, "num_statements": 1, "percent_covered": 100.0, "percent_covered_display": "100", "missing_lines": 0, "excluded_lines": 0, "percent_statements_covered": 100.0, "percent_statements_covered_display": "100"}, "missing_lines": [], "excluded_lines": [], "start_line": 57}, "WalletRiskResult.is_high_risk": {"executed_lines": [77], "summary": {"covered_lines": 1, "num_statements": 1, "percent_covered": 100.0, "percent_covered_display": "100", "missing_lines": 0, "excluded_lines": 0, "percent_statements_covered": 100.0, "percent_statements_covered_display": "100"}, "missing_lines": [], "excluded_lines": [], "start_line": 76}, "WalletRiskResult.to_risk_signal": {"executed_lines": [80, 81, 82, 83, 84], "summary": {"covered_lines": 5, "num_statements": 5, "percent_covered": 100.0, "percent_covered_display": "100", "missing_lines": 0, "excluded_lines": 0, "percent_statements_covered": 100.0, "percent_statements_covered_display": "100"}, "missing_lines": [], "excluded_lines": [], "start_line": 79}, "TransactionRiskResult.to_risk_signal": {"executed_lines": [], "summary": {"covered_lines": 0, "num_statements": 4, "percent_covered": 0.0, "percent_covered_display": "0", "missing_lines": 4, "excluded_lines": 0, "percent_statements_covered": 0.0, "percent_statements_covered_display": "0"}, "missing_lines": [113, 114, 115, 116], "excluded_lines": [], "start_line": 112}, "ChainalysisAdapter.__init__": {"executed_lines": [155, 156], "summary": {"covered_lines": 2, "num_statements": 2, "percent_covered": 100.0, "percent_covered_display": "100", "missing_lines": 0, "excluded_lines": 0, "percent_statements_covered": 100.0, "percent_statements_covered_display": "100"}, "missing_lines": [], "excluded_lines": [], "start_line": 154}, "ChainalysisAdapter.mode": {"executed_lines": [160], "summary": {"covered_lines": 1, "num_statements": 1, "percent_covered": 100.0, "percent_covered_display": "100", "missing_lines": 0, "excluded_lines": 0, "percent_statements_covered": 100.0, "percent_statements_covered_display": "100"}, "missing_lines": [], "excluded_lines": [], "start_line": 159}, "ChainalysisAdapter.screen_wallet": {"executed_lines": [177, 178], "summary": {"covered_lines": 2, "num_statements": 3, "percent_covered": 66.66666666666667, "percent_covered_display": "67", "missing_lines": 1, "excluded_lines": 0, "percent_statements_covered": 66.66666666666667, "percent_statements_covered_display": "67"}, "missing_lines": [179], "excluded_lines": [], "start_line": 162}, "ChainalysisAdapter.screen_transaction": {"executed_lines": [196, 197], "summary": {"covered_lines": 2, "num_statements": 3, "percent_covered": 66.66666666666667, "percent_covered_display": "67", "missing_lines": 1, "excluded_lines": 0, "percent_statements_covered": 66.66666666666667, "percent_statements_covered_display": "67"}, "missing_lines": [198], "excluded_lines": [], "start_line": 181}, "ChainalysisAdapter._live_screen_wallet": {"executed_lines": [], "summary": {"covered_lines": 0, "num_statements": 12, "percent_covered": 0.0, "percent_covered_display": "0", "missing_lines": 12, "excluded_lines": 0, "percent_statements_covered": 0.0, "percent_statements_covered_display": "0"}, "missing_lines": [201, 202, 203, 205, 206, 213, 214, 216, 217, 218, 228, 229], "excluded_lines": [], "start_line": 200}, "ChainalysisAdapter._live_screen_transaction": {"executed_lines": [], "summary": {"covered_lines": 0, "num_statements": 11, "percent_covered": 0.0, "percent_covered_display": "0", "missing_lines": 11, "excluded_lines": 0, "percent_statements_covered": 0.0, "percent_statements_covered_display": "0"}, "missing_lines": [232, 233, 234, 236, 237, 244, 245, 247, 248, 258, 259], "excluded_lines": [], "start_line": 231}, "_score_to_category": {"executed_lines": [], "summary": {"covered_lines": 0, "num_statements": 7, "percent_covered": 0.0, "percent_covered_display": "0", "missing_lines": 7, "excluded_lines": 0, "percent_statements_covered": 0.0, "percent_statements_covered_display": "0"}, "missing_lines": [264, 265, 266, 267, 268, 269, 270], "excluded_lines": [], "start_line": 262}, "": {"executed_lines": [20, 22, 23, 24, 26, 27, 32, 33, 43, 44, 45, 46, 48, 49, 56, 57, 63, 64, 66, 67, 68, 69, 70, 71, 72, 73, 75, 76, 79, 100, 101, 103, 104, 105, 106, 107, 108, 109, 110, 112, 132, 145, 154, 158, 159, 162, 181, 200, 231, 262], "summary": {"covered_lines": 50, "num_statements": 50, "percent_covered": 100.0, "percent_covered_display": "100", "missing_lines": 0, "excluded_lines": 0, "percent_statements_covered": 100.0, "percent_statements_covered_display": "100"}, "missing_lines": [], "excluded_lines": [], "start_line": 1}}, "classes": {"ChainalysisConfig": {"executed_lines": [50, 58], "summary": {"covered_lines": 2, "num_statements": 2, "percent_covered": 100.0, "percent_covered_display": "100", "missing_lines": 0, "excluded_lines": 0, "percent_statements_covered": 100.0, "percent_statements_covered_display": "100"}, "missing_lines": [], "excluded_lines": [], "start_line": 33}, "WalletRiskResult": {"executed_lines": [77, 80, 81, 82, 83, 84], "summary": {"covered_lines": 6, "num_statements": 6, "percent_covered": 100.0, "percent_covered_display": "100", "missing_lines": 0, "excluded_lines": 0, "percent_statements_covered": 100.0, "percent_statements_covered_display": "100"}, "missing_lines": [], "excluded_lines": [], "start_line": 64}, "TransactionRiskResult": {"executed_lines": [], "summary": {"covered_lines": 0, "num_statements": 4, "percent_covered": 0.0, "percent_covered_display": "0", "missing_lines": 4, "excluded_lines": 0, "percent_statements_covered": 0.0, "percent_statements_covered_display": "0"}, "missing_lines": [113, 114, 115, 116], "excluded_lines": [], "start_line": 101}, "ChainalysisAdapter": {"executed_lines": [155, 156, 160, 177, 178, 196, 197], "summary": {"covered_lines": 7, "num_statements": 32, "percent_covered": 21.875, "percent_covered_display": "22", "missing_lines": 25, "excluded_lines": 0, "percent_statements_covered": 21.875, "percent_statements_covered_display": "22"}, "missing_lines": [179, 198, 201, 202, 203, 205, 206, 213, 214, 216, 217, 218, 228, 229, 232, 233, 234, 236, 237, 244, 245, 247, 248, 258, 259], "excluded_lines": [], "start_line": 132}, "": {"executed_lines": [20, 22, 23, 24, 26, 27, 32, 33, 43, 44, 45, 46, 48, 49, 56, 57, 63, 64, 66, 67, 68, 69, 70, 71, 72, 73, 75, 76, 79, 100, 101, 103, 104, 105, 106, 107, 108, 109, 110, 112, 132, 145, 154, 158, 159, 162, 181, 200, 231, 262], "summary": {"covered_lines": 50, "num_statements": 57, "percent_covered": 87.71929824561404, "percent_covered_display": "88", "missing_lines": 7, "excluded_lines": 0, "percent_statements_covered": 87.71929824561404, "percent_statements_covered_display": "88"}, "missing_lines": [264, 265, 266, 267, 268, 269, 270], "excluded_lines": [], "start_line": 1}}}, "src/compliance/adapters/compliance_config_adapter.py": {"executed_lines": [10, 12, 13, 24, 33, 41, 43, 45, 52, 53, 57, 59, 67, 68, 69, 70, 71, 72], "summary": {"covered_lines": 18, "num_statements": 18, "percent_covered": 100.0, "percent_covered_display": "100", "missing_lines": 0, "excluded_lines": 0, "percent_statements_covered": 100.0, "percent_statements_covered_display": "100"}, "missing_lines": [], "excluded_lines": [], "functions": {"ComplianceConfigPolicyAdapter.get_forbidden_patterns": {"executed_lines": [43], "summary": {"covered_lines": 1, "num_statements": 1, "percent_covered": 100.0, "percent_covered_display": "100", "missing_lines": 0, "excluded_lines": 0, "percent_statements_covered": 100.0, "percent_statements_covered_display": "100"}, "missing_lines": [], "excluded_lines": [], "start_line": 41}, "ComplianceConfigPolicyAdapter.get_threshold": {"executed_lines": [52, 53, 57], "summary": {"covered_lines": 3, "num_statements": 3, "percent_covered": 100.0, "percent_covered_display": "100", "missing_lines": 0, "excluded_lines": 0, "percent_statements_covered": 100.0, "percent_statements_covered_display": "100"}, "missing_lines": [], "excluded_lines": [], "start_line": 45}, "ComplianceConfigPolicyAdapter.get_jurisdiction_class": {"executed_lines": [67, 68, 69, 70, 71, 72], "summary": {"covered_lines": 6, "num_statements": 6, "percent_covered": 100.0, "percent_covered_display": "100", "missing_lines": 0, "excluded_lines": 0, "percent_statements_covered": 100.0, "percent_statements_covered_display": "100"}, "missing_lines": [], "excluded_lines": [], "start_line": 59}, "": {"executed_lines": [10, 12, 13, 24, 33, 41, 45, 59], "summary": {"covered_lines": 8, "num_statements": 8, "percent_covered": 100.0, "percent_covered_display": "100", "missing_lines": 0, "excluded_lines": 0, "percent_statements_covered": 100.0, "percent_statements_covered_display": "100"}, "missing_lines": [], "excluded_lines": [], "start_line": 1}}, "classes": {"ComplianceConfigPolicyAdapter": {"executed_lines": [43, 52, 53, 57, 67, 68, 69, 70, 71, 72], "summary": {"covered_lines": 10, "num_statements": 10, "percent_covered": 100.0, "percent_covered_display": "100", "missing_lines": 0, "excluded_lines": 0, "percent_statements_covered": 100.0, "percent_statements_covered_display": "100"}, "missing_lines": [], "excluded_lines": [], "start_line": 33}, "": {"executed_lines": [10, 12, 13, 24, 33, 41, 45, 59], "summary": {"covered_lines": 8, "num_statements": 8, "percent_covered": 100.0, "percent_covered_display": "100", "missing_lines": 0, "excluded_lines": 0, "percent_statements_covered": 100.0, "percent_statements_covered_display": "100"}, "missing_lines": [], "excluded_lines": [], "start_line": 1}}}, "src/compliance/adapters/dowjones_adapter.py": {"executed_lines": [24, 26, 27, 28, 30, 35, 39, 45, 46, 56, 57, 58, 59, 61, 62, 63, 69, 70, 71, 76, 77, 79, 80, 81, 82, 83, 84, 85, 86, 88, 90, 91, 92, 93, 107, 108, 110, 111, 112, 113, 114, 115, 116, 117, 118, 120, 121, 122, 123, 124, 141, 154, 163, 164, 165, 167, 168, 169, 171, 186, 187, 190, 205, 206, 209, 242], "summary": {"covered_lines": 66, "num_statements": 99, "percent_covered": 66.66666666666667, "percent_covered_display": "67", "missing_lines": 33, "excluded_lines": 0, "percent_statements_covered": 66.66666666666667, "percent_statements_covered_display": "67"}, "missing_lines": [188, 207, 211, 212, 213, 215, 216, 217, 221, 222, 224, 225, 226, 228, 229, 239, 240, 244, 245, 246, 247, 249, 250, 251, 255, 256, 258, 259, 260, 262, 263, 274, 275], "excluded_lines": [], "functions": {"DowJonesConfig.from_env": {"executed_lines": [63], "summary": {"covered_lines": 1, "num_statements": 1, "percent_covered": 100.0, "percent_covered_display": "100", "missing_lines": 0, "excluded_lines": 0, "percent_statements_covered": 100.0, "percent_statements_covered_display": "100"}, "missing_lines": [], "excluded_lines": [], "start_line": 62}, "DowJonesConfig.is_configured": {"executed_lines": [71], "summary": {"covered_lines": 1, "num_statements": 1, "percent_covered": 100.0, "percent_covered_display": "100", "missing_lines": 0, "excluded_lines": 0, "percent_statements_covered": 100.0, "percent_statements_covered_display": "100"}, "missing_lines": [], "excluded_lines": [], "start_line": 70}, "ScreeningResult.to_risk_signal": {"executed_lines": [90, 91, 92, 93], "summary": {"covered_lines": 4, "num_statements": 4, "percent_covered": 100.0, "percent_covered_display": "100", "missing_lines": 0, "excluded_lines": 0, "percent_statements_covered": 100.0, "percent_statements_covered_display": "100"}, "missing_lines": [], "excluded_lines": [], "start_line": 88}, "PEPResult.to_risk_signal": {"executed_lines": [121, 122, 123, 124], "summary": {"covered_lines": 4, "num_statements": 4, "percent_covered": 100.0, "percent_covered_display": "100", "missing_lines": 0, "excluded_lines": 0, "percent_statements_covered": 100.0, "percent_statements_covered_display": "100"}, "missing_lines": [], "excluded_lines": [], "start_line": 120}, "DowJonesAdapter.__init__": {"executed_lines": [164, 165], "summary": {"covered_lines": 2, "num_statements": 2, "percent_covered": 100.0, "percent_covered_display": "100", "missing_lines": 0, "excluded_lines": 0, "percent_statements_covered": 100.0, "percent_statements_covered_display": "100"}, "missing_lines": [], "excluded_lines": [], "start_line": 163}, "DowJonesAdapter.mode": {"executed_lines": [169], "summary": {"covered_lines": 1, "num_statements": 1, "percent_covered": 100.0, "percent_covered_display": "100", "missing_lines": 0, "excluded_lines": 0, "percent_statements_covered": 100.0, "percent_statements_covered_display": "100"}, "missing_lines": [], "excluded_lines": [], "start_line": 168}, "DowJonesAdapter.screen_entity": {"executed_lines": [186, 187], "summary": {"covered_lines": 2, "num_statements": 3, "percent_covered": 66.66666666666667, "percent_covered_display": "67", "missing_lines": 1, "excluded_lines": 0, "percent_statements_covered": 66.66666666666667, "percent_statements_covered_display": "67"}, "missing_lines": [188], "excluded_lines": [], "start_line": 171}, "DowJonesAdapter.screen_pep": {"executed_lines": [205, 206], "summary": {"covered_lines": 2, "num_statements": 3, "percent_covered": 66.66666666666667, "percent_covered_display": "67", "missing_lines": 1, "excluded_lines": 0, "percent_statements_covered": 66.66666666666667, "percent_statements_covered_display": "67"}, "missing_lines": [207], "excluded_lines": [], "start_line": 190}, "DowJonesAdapter._live_screen_entity": {"executed_lines": [], "summary": {"covered_lines": 0, "num_statements": 15, "percent_covered": 0.0, "percent_covered_display": "0", "missing_lines": 15, "excluded_lines": 0, "percent_statements_covered": 0.0, "percent_statements_covered_display": "0"}, "missing_lines": [211, 212, 213, 215, 216, 217, 221, 222, 224, 225, 226, 228, 229, 239, 240], "excluded_lines": [], "start_line": 209}, "DowJonesAdapter._live_screen_pep": {"executed_lines": [], "summary": {"covered_lines": 0, "num_statements": 16, "percent_covered": 0.0, "percent_covered_display": "0", "missing_lines": 16, "excluded_lines": 0, "percent_statements_covered": 0.0, "percent_statements_covered_display": "0"}, "missing_lines": [244, 245, 246, 247, 249, 250, 251, 255, 256, 258, 259, 260, 262, 263, 274, 275], "excluded_lines": [], "start_line": 242}, "": {"executed_lines": [24, 26, 27, 28, 30, 35, 39, 45, 46, 56, 57, 58, 59, 61, 62, 69, 70, 76, 77, 79, 80, 81, 82, 83, 84, 85, 86, 88, 107, 108, 110, 111, 112, 113, 114, 115, 116, 117, 118, 120, 141, 154, 163, 167, 168, 171, 190, 209, 242], "summary": {"covered_lines": 49, "num_statements": 49, "percent_covered": 100.0, "percent_covered_display": "100", "missing_lines": 0, "excluded_lines": 0, "percent_statements_covered": 100.0, "percent_statements_covered_display": "100"}, "missing_lines": [], "excluded_lines": [], "start_line": 1}}, "classes": {"NotConfiguredError": {"executed_lines": [], "summary": {"covered_lines": 0, "num_statements": 0, "percent_covered": 100.0, "percent_covered_display": "100", "missing_lines": 0, "excluded_lines": 0, "percent_statements_covered": 100.0, "percent_statements_covered_display": "100"}, "missing_lines": [], "excluded_lines": [], "start_line": 35}, "VendorAPIError": {"executed_lines": [], "summary": {"covered_lines": 0, "num_statements": 0, "percent_covered": 100.0, "percent_covered_display": "100", "missing_lines": 0, "excluded_lines": 0, "percent_statements_covered": 100.0, "percent_statements_covered_display": "100"}, "missing_lines": [], "excluded_lines": [], "start_line": 39}, "DowJonesConfig": {"executed_lines": [63, 71], "summary": {"covered_lines": 2, "num_statements": 2, "percent_covered": 100.0, "percent_covered_display": "100", "missing_lines": 0, "excluded_lines": 0, "percent_statements_covered": 100.0, "percent_statements_covered_display": "100"}, "missing_lines": [], "excluded_lines": [], "start_line": 46}, "ScreeningResult": {"executed_lines": [90, 91, 92, 93], "summary": {"covered_lines": 4, "num_statements": 4, "percent_covered": 100.0, "percent_covered_display": "100", "missing_lines": 0, "excluded_lines": 0, "percent_statements_covered": 100.0, "percent_statements_covered_display": "100"}, "missing_lines": [], "excluded_lines": [], "start_line": 77}, "PEPResult": {"executed_lines": [121, 122, 123, 124], "summary": {"covered_lines": 4, "num_statements": 4, "percent_covered": 100.0, "percent_covered_display": "100", "missing_lines": 0, "excluded_lines": 0, "percent_statements_covered": 100.0, "percent_statements_covered_display": "100"}, "missing_lines": [], "excluded_lines": [], "start_line": 108}, "DowJonesAdapter": {"executed_lines": [164, 165, 169, 186, 187, 205, 206], "summary": {"covered_lines": 7, "num_statements": 40, "percent_covered": 17.5, "percent_covered_display": "18", "missing_lines": 33, "excluded_lines": 0, "percent_statements_covered": 17.5, "percent_statements_covered_display": "18"}, "missing_lines": [188, 207, 211, 212, 213, 215, 216, 217, 221, 222, 224, 225, 226, 228, 229, 239, 240, 244, 245, 246, 247, 249, 250, 251, 255, 256, 258, 259, 260, 262, 263, 274, 275], "excluded_lines": [], "start_line": 141}, "": {"executed_lines": [24, 26, 27, 28, 30, 35, 39, 45, 46, 56, 57, 58, 59, 61, 62, 69, 70, 76, 77, 79, 80, 81, 82, 83, 84, 85, 86, 88, 107, 108, 110, 111, 112, 113, 114, 115, 116, 117, 118, 120, 141, 154, 163, 167, 168, 171, 190, 209, 242], "summary": {"covered_lines": 49, "num_statements": 49, "percent_covered": 100.0, "percent_covered_display": "100", "missing_lines": 0, "excluded_lines": 0, "percent_statements_covered": 100.0, "percent_statements_covered_display": "100"}, "missing_lines": [], "excluded_lines": [], "start_line": 1}}}, "src/compliance/adapters/in_memory_emergency_adapter.py": {"executed_lines": [10, 12, 14, 17, 30, 31, 32, 33, 34, 35, 37, 39, 41, 43, 44, 45, 46, 47, 48, 49, 56, 58, 59, 60, 61, 68, 70, 78], "summary": {"covered_lines": 28, "num_statements": 29, "percent_covered": 96.55172413793103, "percent_covered_display": "97", "missing_lines": 1, "excluded_lines": 0, "percent_statements_covered": 96.55172413793103, "percent_statements_covered_display": "97"}, "missing_lines": [80], "excluded_lines": [], "functions": {"InMemoryEmergencyAdapter.__init__": {"executed_lines": [31, 32, 33, 34, 35], "summary": {"covered_lines": 5, "num_statements": 5, "percent_covered": 100.0, "percent_covered_display": "100", "missing_lines": 0, "excluded_lines": 0, "percent_statements_covered": 100.0, "percent_statements_covered_display": "100"}, "missing_lines": [], "excluded_lines": [], "start_line": 30}, "InMemoryEmergencyAdapter.is_stopped": {"executed_lines": [39], "summary": {"covered_lines": 1, "num_statements": 1, "percent_covered": 100.0, "percent_covered_display": "100", "missing_lines": 0, "excluded_lines": 0, "percent_statements_covered": 100.0, "percent_statements_covered_display": "100"}, "missing_lines": [], "excluded_lines": [], "start_line": 37}, "InMemoryEmergencyAdapter.activate": {"executed_lines": [43, 44, 45, 46, 47, 48, 49], "summary": {"covered_lines": 7, "num_statements": 7, "percent_covered": 100.0, "percent_covered_display": "100", "missing_lines": 0, "excluded_lines": 0, "percent_statements_covered": 100.0, "percent_statements_covered_display": "100"}, "missing_lines": [], "excluded_lines": [], "start_line": 41}, "InMemoryEmergencyAdapter.clear": {"executed_lines": [58, 59, 60, 61], "summary": {"covered_lines": 4, "num_statements": 4, "percent_covered": 100.0, "percent_covered_display": "100", "missing_lines": 0, "excluded_lines": 0, "percent_statements_covered": 100.0, "percent_statements_covered_display": "100"}, "missing_lines": [], "excluded_lines": [], "start_line": 56}, "InMemoryEmergencyAdapter.get_status": {"executed_lines": [70], "summary": {"covered_lines": 1, "num_statements": 1, "percent_covered": 100.0, "percent_covered_display": "100", "missing_lines": 0, "excluded_lines": 0, "percent_statements_covered": 100.0, "percent_statements_covered_display": "100"}, "missing_lines": [], "excluded_lines": [], "start_line": 68}, "InMemoryEmergencyAdapter.reset": {"executed_lines": [], "summary": {"covered_lines": 0, "num_statements": 1, "percent_covered": 0.0, "percent_covered_display": "0", "missing_lines": 1, "excluded_lines": 0, "percent_statements_covered": 0.0, "percent_statements_covered_display": "0"}, "missing_lines": [80], "excluded_lines": [], "start_line": 78}, "": {"executed_lines": [10, 12, 14, 17, 30, 37, 41, 56, 68, 78], "summary": {"covered_lines": 10, "num_statements": 10, "percent_covered": 100.0, "percent_covered_display": "100", "missing_lines": 0, "excluded_lines": 0, "percent_statements_covered": 100.0, "percent_statements_covered_display": "100"}, "missing_lines": [], "excluded_lines": [], "start_line": 1}}, "classes": {"InMemoryEmergencyAdapter": {"executed_lines": [31, 32, 33, 34, 35, 39, 43, 44, 45, 46, 47, 48, 49, 58, 59, 60, 61, 70], "summary": {"covered_lines": 18, "num_statements": 19, "percent_covered": 94.73684210526316, "percent_covered_display": "95", "missing_lines": 1, "excluded_lines": 0, "percent_statements_covered": 94.73684210526316, "percent_statements_covered_display": "95"}, "missing_lines": [80], "excluded_lines": [], "start_line": 17}, "": {"executed_lines": [10, 12, 14, 17, 30, 37, 41, 56, 68, 78], "summary": {"covered_lines": 10, "num_statements": 10, "percent_covered": 100.0, "percent_covered_display": "100", "missing_lines": 0, "excluded_lines": 0, "percent_statements_covered": 100.0, "percent_statements_covered_display": "100"}, "missing_lines": [], "excluded_lines": [], "start_line": 1}}}, "src/compliance/adapters/in_memory_policy_adapter.py": {"executed_lines": [7, 9, 11, 19, 20, 23, 35, 43, 44, 45, 46, 47, 48, 53, 56, 57, 61, 63, 64, 65, 66, 67, 68, 69], "summary": {"covered_lines": 24, "num_statements": 26, "percent_covered": 92.3076923076923, "percent_covered_display": "92", "missing_lines": 2, "excluded_lines": 0, "percent_statements_covered": 92.3076923076923, "percent_statements_covered_display": "92"}, "missing_lines": [54, 58], "excluded_lines": [], "functions": {"InMemoryPolicyAdapter.__init__": {"executed_lines": [43, 44, 45, 46, 47, 48], "summary": {"covered_lines": 6, "num_statements": 6, "percent_covered": 100.0, "percent_covered_display": "100", "missing_lines": 0, "excluded_lines": 0, "percent_statements_covered": 100.0, "percent_statements_covered_display": "100"}, "missing_lines": [], "excluded_lines": [], "start_line": 35}, "InMemoryPolicyAdapter.get_forbidden_patterns": {"executed_lines": [], "summary": {"covered_lines": 0, "num_statements": 1, "percent_covered": 0.0, "percent_covered_display": "0", "missing_lines": 1, "excluded_lines": 0, "percent_statements_covered": 0.0, "percent_statements_covered_display": "0"}, "missing_lines": [54], "excluded_lines": [], "start_line": 53}, "InMemoryPolicyAdapter.get_threshold": {"executed_lines": [57, 61], "summary": {"covered_lines": 2, "num_statements": 3, "percent_covered": 66.66666666666667, "percent_covered_display": "67", "missing_lines": 1, "excluded_lines": 0, "percent_statements_covered": 66.66666666666667, "percent_statements_covered_display": "67"}, "missing_lines": [58], "excluded_lines": [], "start_line": 56}, "InMemoryPolicyAdapter.get_jurisdiction_class": {"executed_lines": [64, 65, 66, 67, 68, 69], "summary": {"covered_lines": 6, "num_statements": 6, "percent_covered": 100.0, "percent_covered_display": "100", "missing_lines": 0, "excluded_lines": 0, "percent_statements_covered": 100.0, "percent_statements_covered_display": "100"}, "missing_lines": [], "excluded_lines": [], "start_line": 63}, "": {"executed_lines": [7, 9, 11, 19, 20, 23, 35, 53, 56, 63], "summary": {"covered_lines": 10, "num_statements": 10, "percent_covered": 100.0, "percent_covered_display": "100", "missing_lines": 0, "excluded_lines": 0, "percent_statements_covered": 100.0, "percent_statements_covered_display": "100"}, "missing_lines": [], "excluded_lines": [], "start_line": 1}}, "classes": {"InMemoryPolicyAdapter": {"executed_lines": [43, 44, 45, 46, 47, 48, 57, 61, 64, 65, 66, 67, 68, 69], "summary": {"covered_lines": 14, "num_statements": 16, "percent_covered": 87.5, "percent_covered_display": "88", "missing_lines": 2, "excluded_lines": 0, "percent_statements_covered": 87.5, "percent_statements_covered_display": "88"}, "missing_lines": [54, 58], "excluded_lines": [], "start_line": 23}, "": {"executed_lines": [7, 9, 11, 19, 20, 23, 35, 53, 56, 63], "summary": {"covered_lines": 10, "num_statements": 10, "percent_covered": 100.0, "percent_covered_display": "100", "missing_lines": 0, "excluded_lines": 0, "percent_statements_covered": 100.0, "percent_statements_covered_display": "100"}, "missing_lines": [], "excluded_lines": [], "start_line": 1}}}, "src/compliance/adapters/midaz_adapter.py": {"executed_lines": [7, 8, 9, 11, 13, 21, 22, 23, 26, 29, 30, 34, 35, 36, 39, 40, 43, 44, 51, 53, 54, 56, 60, 61, 62, 64, 65, 77, 78, 79, 85, 86, 87, 88, 94, 95, 99, 104, 105, 111, 112, 118, 123, 124, 131, 132, 136, 137, 138, 139, 140, 144, 161, 162, 185, 186, 188, 193, 194, 205, 216, 217, 220, 225, 226, 227], "summary": {"covered_lines": 66, "num_statements": 68, "percent_covered": 97.05882352941177, "percent_covered_display": "97", "missing_lines": 2, "excluded_lines": 0, "percent_statements_covered": 97.05882352941177, "percent_statements_covered_display": "97"}, "missing_lines": [41, 218], "excluded_lines": [], "functions": {"MidazLedgerAdapter.__init__": {"executed_lines": [30], "summary": {"covered_lines": 1, "num_statements": 1, "percent_covered": 100.0, "percent_covered_display": "100", "missing_lines": 0, "excluded_lines": 0, "percent_statements_covered": 100.0, "percent_statements_covered_display": "100"}, "missing_lines": [], "excluded_lines": [], "start_line": 29}, "MidazLedgerAdapter._check": {"executed_lines": [35, 36, 39, 40], "summary": {"covered_lines": 4, "num_statements": 5, "percent_covered": 80.0, "percent_covered_display": "80", "missing_lines": 1, "excluded_lines": 0, "percent_statements_covered": 80.0, "percent_statements_covered_display": "80"}, "missing_lines": [41], "excluded_lines": [], "start_line": 34}, "MidazLedgerAdapter._to_smallest_unit": {"executed_lines": [51], "summary": {"covered_lines": 1, "num_statements": 1, "percent_covered": 100.0, "percent_covered_display": "100", "missing_lines": 0, "excluded_lines": 0, "percent_statements_covered": 100.0, "percent_statements_covered_display": "100"}, "missing_lines": [], "excluded_lines": [], "start_line": 44}, "MidazLedgerAdapter._from_smallest_unit": {"executed_lines": [56], "summary": {"covered_lines": 1, "num_statements": 1, "percent_covered": 100.0, "percent_covered_display": "100", "missing_lines": 0, "excluded_lines": 0, "percent_statements_covered": 100.0, "percent_statements_covered_display": "100"}, "missing_lines": [], "excluded_lines": [], "start_line": 54}, "MidazLedgerAdapter.health_check": {"executed_lines": [61, 62], "summary": {"covered_lines": 2, "num_statements": 2, "percent_covered": 100.0, "percent_covered_display": "100", "missing_lines": 0, "excluded_lines": 0, "percent_statements_covered": 100.0, "percent_statements_covered_display": "100"}, "missing_lines": [], "excluded_lines": [], "start_line": 60}, "MidazLedgerAdapter.create_organization": {"executed_lines": [65, 77, 78, 79], "summary": {"covered_lines": 4, "num_statements": 4, "percent_covered": 100.0, "percent_covered_display": "100", "missing_lines": 0, "excluded_lines": 0, "percent_statements_covered": 100.0, "percent_statements_covered_display": "100"}, "missing_lines": [], "excluded_lines": [], "start_line": 64}, "MidazLedgerAdapter.get_organization": {"executed_lines": [86, 87, 88], "summary": {"covered_lines": 3, "num_statements": 3, "percent_covered": 100.0, "percent_covered_display": "100", "missing_lines": 0, "excluded_lines": 0, "percent_statements_covered": 100.0, "percent_statements_covered_display": "100"}, "missing_lines": [], "excluded_lines": [], "start_line": 85}, "MidazLedgerAdapter.create_ledger": {"executed_lines": [95, 99, 104, 105], "summary": {"covered_lines": 4, "num_statements": 4, "percent_covered": 100.0, "percent_covered_display": "100", "missing_lines": 0, "excluded_lines": 0, "percent_statements_covered": 100.0, "percent_statements_covered_display": "100"}, "missing_lines": [], "excluded_lines": [], "start_line": 94}, "MidazLedgerAdapter.create_account": {"executed_lines": [112, 118, 123, 124], "summary": {"covered_lines": 4, "num_statements": 4, "percent_covered": 100.0, "percent_covered_display": "100", "missing_lines": 0, "excluded_lines": 0, "percent_statements_covered": 100.0, "percent_statements_covered_display": "100"}, "missing_lines": [], "excluded_lines": [], "start_line": 111}, "MidazLedgerAdapter.get_balance": {"executed_lines": [132, 136, 137, 138, 139, 140], "summary": {"covered_lines": 6, "num_statements": 6, "percent_covered": 100.0, "percent_covered_display": "100", "missing_lines": 0, "excluded_lines": 0, "percent_statements_covered": 100.0, "percent_statements_covered_display": "100"}, "missing_lines": [], "excluded_lines": [], "start_line": 131}, "MidazLedgerAdapter.create_transaction": {"executed_lines": [161, 162, 185, 186, 188, 193, 194], "summary": {"covered_lines": 7, "num_statements": 7, "percent_covered": 100.0, "percent_covered_display": "100", "missing_lines": 0, "excluded_lines": 0, "percent_statements_covered": 100.0, "percent_statements_covered_display": "100"}, "missing_lines": [], "excluded_lines": [], "start_line": 144}, "MidazLedgerAdapter.list_transactions": {"executed_lines": [216, 217, 220, 225, 226, 227], "summary": {"covered_lines": 6, "num_statements": 7, "percent_covered": 85.71428571428571, "percent_covered_display": "86", "missing_lines": 1, "excluded_lines": 0, "percent_statements_covered": 85.71428571428571, "percent_statements_covered_display": "86"}, "missing_lines": [218], "excluded_lines": [], "start_line": 205}, "": {"executed_lines": [7, 8, 9, 11, 13, 21, 22, 23, 26, 29, 34, 43, 44, 53, 54, 60, 64, 85, 94, 111, 131, 144, 205], "summary": {"covered_lines": 23, "num_statements": 23, "percent_covered": 100.0, "percent_covered_display": "100", "missing_lines": 0, "excluded_lines": 0, "percent_statements_covered": 100.0, "percent_statements_covered_display": "100"}, "missing_lines": [], "excluded_lines": [], "start_line": 1}}, "classes": {"MidazLedgerAdapter": {"executed_lines": [30, 35, 36, 39, 40, 51, 56, 61, 62, 65, 77, 78, 79, 86, 87, 88, 95, 99, 104, 105, 112, 118, 123, 124, 132, 136, 137, 138, 139, 140, 161, 162, 185, 186, 188, 193, 194, 216, 217, 220, 225, 226, 227], "summary": {"covered_lines": 43, "num_statements": 45, "percent_covered": 95.55555555555556, "percent_covered_display": "96", "missing_lines": 2, "excluded_lines": 0, "percent_statements_covered": 95.55555555555556, "percent_statements_covered_display": "96"}, "missing_lines": [41, 218], "excluded_lines": [], "start_line": 26}, "": {"executed_lines": [7, 8, 9, 11, 13, 21, 22, 23, 26, 29, 34, 43, 44, 53, 54, 60, 64, 85, 94, 111, 131, 144, 205], "summary": {"covered_lines": 23, "num_statements": 23, "percent_covered": 100.0, "percent_covered_display": "100", "missing_lines": 0, "excluded_lines": 0, "percent_statements_covered": 100.0, "percent_statements_covered_display": "100"}, "missing_lines": [], "excluded_lines": [], "start_line": 1}}}, "src/compliance/adapters/mock_decision_adapter.py": {"executed_lines": [7, 9, 11, 12, 15, 27, 28, 30, 35, 36, 38, 39, 41, 43, 45, 47], "summary": {"covered_lines": 16, "num_statements": 17, "percent_covered": 94.11764705882354, "percent_covered_display": "94", "missing_lines": 1, "excluded_lines": 0, "percent_statements_covered": 94.11764705882354, "percent_statements_covered_display": "94"}, "missing_lines": [37], "excluded_lines": [], "functions": {"MockDecisionAdapter.__init__": {"executed_lines": [28], "summary": {"covered_lines": 1, "num_statements": 1, "percent_covered": 100.0, "percent_covered_display": "100", "missing_lines": 0, "excluded_lines": 0, "percent_statements_covered": 100.0, "percent_statements_covered_display": "100"}, "missing_lines": [], "excluded_lines": [], "start_line": 27}, "MockDecisionAdapter.emit_decision": {"executed_lines": [35, 36, 38, 39], "summary": {"covered_lines": 4, "num_statements": 5, "percent_covered": 80.0, "percent_covered_display": "80", "missing_lines": 1, "excluded_lines": 0, "percent_statements_covered": 80.0, "percent_statements_covered_display": "80"}, "missing_lines": [37], "excluded_lines": [], "start_line": 30}, "MockDecisionAdapter.last": {"executed_lines": [43], "summary": {"covered_lines": 1, "num_statements": 1, "percent_covered": 100.0, "percent_covered_display": "100", "missing_lines": 0, "excluded_lines": 0, "percent_statements_covered": 100.0, "percent_statements_covered_display": "100"}, "missing_lines": [], "excluded_lines": [], "start_line": 41}, "MockDecisionAdapter.clear": {"executed_lines": [47], "summary": {"covered_lines": 1, "num_statements": 1, "percent_covered": 100.0, "percent_covered_display": "100", "missing_lines": 0, "excluded_lines": 0, "percent_statements_covered": 100.0, "percent_statements_covered_display": "100"}, "missing_lines": [], "excluded_lines": [], "start_line": 45}, "": {"executed_lines": [7, 9, 11, 12, 15, 27, 30, 41, 45], "summary": {"covered_lines": 9, "num_statements": 9, "percent_covered": 100.0, "percent_covered_display": "100", "missing_lines": 0, "excluded_lines": 0, "percent_statements_covered": 100.0, "percent_statements_covered_display": "100"}, "missing_lines": [], "excluded_lines": [], "start_line": 1}}, "classes": {"MockDecisionAdapter": {"executed_lines": [28, 35, 36, 38, 39, 43, 47], "summary": {"covered_lines": 7, "num_statements": 8, "percent_covered": 87.5, "percent_covered_display": "88", "missing_lines": 1, "excluded_lines": 0, "percent_statements_covered": 87.5, "percent_statements_covered_display": "88"}, "missing_lines": [37], "excluded_lines": [], "start_line": 15}, "": {"executed_lines": [7, 9, 11, 12, 15, 27, 30, 41, 45], "summary": {"covered_lines": 9, "num_statements": 9, "percent_covered": 100.0, "percent_covered_display": "100", "missing_lines": 0, "excluded_lines": 0, "percent_statements_covered": 100.0, "percent_statements_covered_display": "100"}, "missing_lines": [], "excluded_lines": [], "start_line": 1}}}, "src/compliance/adapters/sumsub_adapter.py": {"executed_lines": [19, 21, 22, 23, 25, 26, 31, 32, 43, 44, 45, 46, 47, 49, 50, 51, 58, 59, 60, 65, 66, 68, 69, 70, 71, 72, 73, 74, 75, 76, 78, 79, 80, 82, 83, 84, 86, 88, 89, 90, 91, 105, 106, 108, 109, 110, 111, 112, 113, 114, 115, 116, 118, 119, 122, 138, 150, 159, 160, 161, 163, 164, 165, 167, 181, 182, 185, 200, 201, 204, 214, 215, 218, 225, 255, 286], "summary": {"covered_lines": 76, "num_statements": 128, "percent_covered": 59.375, "percent_covered_display": "59", "missing_lines": 52, "excluded_lines": 0, "percent_statements_covered": 59.375, "percent_statements_covered_display": "59"}, "missing_lines": [120, 123, 124, 125, 183, 202, 216, 220, 221, 222, 223, 226, 227, 228, 229, 231, 232, 233, 234, 242, 243, 245, 246, 252, 253, 256, 257, 258, 259, 261, 262, 263, 264, 272, 273, 275, 276, 283, 284, 287, 288, 289, 290, 292, 293, 294, 295, 303, 304, 305, 306, 307], "excluded_lines": [], "functions": {"SumsubConfig.from_env": {"executed_lines": [51], "summary": {"covered_lines": 1, "num_statements": 1, "percent_covered": 100.0, "percent_covered_display": "100", "missing_lines": 0, "excluded_lines": 0, "percent_statements_covered": 100.0, "percent_statements_covered_display": "100"}, "missing_lines": [], "excluded_lines": [], "start_line": 50}, "SumsubConfig.is_configured": {"executed_lines": [60], "summary": {"covered_lines": 1, "num_statements": 1, "percent_covered": 100.0, "percent_covered_display": "100", "missing_lines": 0, "excluded_lines": 0, "percent_statements_covered": 100.0, "percent_statements_covered_display": "100"}, "missing_lines": [], "excluded_lines": [], "start_line": 59}, "VerificationResult.is_approved": {"executed_lines": [80], "summary": {"covered_lines": 1, "num_statements": 1, "percent_covered": 100.0, "percent_covered_display": "100", "missing_lines": 0, "excluded_lines": 0, "percent_statements_covered": 100.0, "percent_statements_covered_display": "100"}, "missing_lines": [], "excluded_lines": [], "start_line": 79}, "VerificationResult.is_rejected": {"executed_lines": [84], "summary": {"covered_lines": 1, "num_statements": 1, "percent_covered": 100.0, "percent_covered_display": "100", "missing_lines": 0, "excluded_lines": 0, "percent_statements_covered": 100.0, "percent_statements_covered_display": "100"}, "missing_lines": [], "excluded_lines": [], "start_line": 83}, "VerificationResult.to_risk_signal": {"executed_lines": [88, 89, 90, 91], "summary": {"covered_lines": 4, "num_statements": 4, "percent_covered": 100.0, "percent_covered_display": "100", "missing_lines": 0, "excluded_lines": 0, "percent_statements_covered": 100.0, "percent_statements_covered_display": "100"}, "missing_lines": [], "excluded_lines": [], "start_line": 86}, "KYBResult.is_approved": {"executed_lines": [], "summary": {"covered_lines": 0, "num_statements": 1, "percent_covered": 0.0, "percent_covered_display": "0", "missing_lines": 1, "excluded_lines": 0, "percent_statements_covered": 0.0, "percent_statements_covered_display": "0"}, "missing_lines": [120], "excluded_lines": [], "start_line": 119}, "KYBResult.to_risk_signal": {"executed_lines": [], "summary": {"covered_lines": 0, "num_statements": 3, "percent_covered": 0.0, "percent_covered_display": "0", "missing_lines": 3, "excluded_lines": 0, "percent_statements_covered": 0.0, "percent_statements_covered_display": "0"}, "missing_lines": [123, 124, 125], "excluded_lines": [], "start_line": 122}, "SumsubAdapter.__init__": {"executed_lines": [160, 161], "summary": {"covered_lines": 2, "num_statements": 2, "percent_covered": 100.0, "percent_covered_display": "100", "missing_lines": 0, "excluded_lines": 0, "percent_statements_covered": 100.0, "percent_statements_covered_display": "100"}, "missing_lines": [], "excluded_lines": [], "start_line": 159}, "SumsubAdapter.mode": {"executed_lines": [165], "summary": {"covered_lines": 1, "num_statements": 1, "percent_covered": 100.0, "percent_covered_display": "100", "missing_lines": 0, "excluded_lines": 0, "percent_statements_covered": 100.0, "percent_statements_covered_display": "100"}, "missing_lines": [], "excluded_lines": [], "start_line": 164}, "SumsubAdapter.verify_document": {"executed_lines": [181, 182], "summary": {"covered_lines": 2, "num_statements": 3, "percent_covered": 66.66666666666667, "percent_covered_display": "67", "missing_lines": 1, "excluded_lines": 0, "percent_statements_covered": 66.66666666666667, "percent_statements_covered_display": "67"}, "missing_lines": [183], "excluded_lines": [], "start_line": 167}, "SumsubAdapter.verify_kyb": {"executed_lines": [200, 201], "summary": {"covered_lines": 2, "num_statements": 3, "percent_covered": 66.66666666666667, "percent_covered_display": "67", "missing_lines": 1, "excluded_lines": 0, "percent_statements_covered": 66.66666666666667, "percent_statements_covered_display": "67"}, "missing_lines": [202], "excluded_lines": [], "start_line": 185}, "SumsubAdapter.get_applicant_status": {"executed_lines": [214, 215], "summary": {"covered_lines": 2, "num_statements": 3, "percent_covered": 66.66666666666667, "percent_covered_display": "67", "missing_lines": 1, "excluded_lines": 0, "percent_statements_covered": 66.66666666666667, "percent_statements_covered_display": "67"}, "missing_lines": [216], "excluded_lines": [], "start_line": 204}, "SumsubAdapter._sign_request": {"executed_lines": [], "summary": {"covered_lines": 0, "num_statements": 4, "percent_covered": 0.0, "percent_covered_display": "0", "missing_lines": 4, "excluded_lines": 0, "percent_statements_covered": 0.0, "percent_statements_covered_display": "0"}, "missing_lines": [220, 221, 222, 223], "excluded_lines": [], "start_line": 218}, "SumsubAdapter._live_verify_document": {"executed_lines": [], "summary": {"covered_lines": 0, "num_statements": 14, "percent_covered": 0.0, "percent_covered_display": "0", "missing_lines": 14, "excluded_lines": 0, "percent_statements_covered": 0.0, "percent_statements_covered_display": "0"}, "missing_lines": [226, 227, 228, 229, 231, 232, 233, 234, 242, 243, 245, 246, 252, 253], "excluded_lines": [], "start_line": 225}, "SumsubAdapter._live_verify_kyb": {"executed_lines": [], "summary": {"covered_lines": 0, "num_statements": 14, "percent_covered": 0.0, "percent_covered_display": "0", "missing_lines": 14, "excluded_lines": 0, "percent_statements_covered": 0.0, "percent_statements_covered_display": "0"}, "missing_lines": [256, 257, 258, 259, 261, 262, 263, 264, 272, 273, 275, 276, 283, 284], "excluded_lines": [], "start_line": 255}, "SumsubAdapter._live_get_status": {"executed_lines": [], "summary": {"covered_lines": 0, "num_statements": 13, "percent_covered": 0.0, "percent_covered_display": "0", "missing_lines": 13, "excluded_lines": 0, "percent_statements_covered": 0.0, "percent_statements_covered_display": "0"}, "missing_lines": [287, 288, 289, 290, 292, 293, 294, 295, 303, 304, 305, 306, 307], "excluded_lines": [], "start_line": 286}, "": {"executed_lines": [19, 21, 22, 23, 25, 26, 31, 32, 43, 44, 45, 46, 47, 49, 50, 58, 59, 65, 66, 68, 69, 70, 71, 72, 73, 74, 75, 76, 78, 79, 82, 83, 86, 105, 106, 108, 109, 110, 111, 112, 113, 114, 115, 116, 118, 119, 122, 138, 150, 159, 163, 164, 167, 185, 204, 218, 225, 255, 286], "summary": {"covered_lines": 59, "num_statements": 59, "percent_covered": 100.0, "percent_covered_display": "100", "missing_lines": 0, "excluded_lines": 0, "percent_statements_covered": 100.0, "percent_statements_covered_display": "100"}, "missing_lines": [], "excluded_lines": [], "start_line": 1}}, "classes": {"SumsubConfig": {"executed_lines": [51, 60], "summary": {"covered_lines": 2, "num_statements": 2, "percent_covered": 100.0, "percent_covered_display": "100", "missing_lines": 0, "excluded_lines": 0, "percent_statements_covered": 100.0, "percent_statements_covered_display": "100"}, "missing_lines": [], "excluded_lines": [], "start_line": 32}, "VerificationResult": {"executed_lines": [80, 84, 88, 89, 90, 91], "summary": {"covered_lines": 6, "num_statements": 6, "percent_covered": 100.0, "percent_covered_display": "100", "missing_lines": 0, "excluded_lines": 0, "percent_statements_covered": 100.0, "percent_statements_covered_display": "100"}, "missing_lines": [], "excluded_lines": [], "start_line": 66}, "KYBResult": {"executed_lines": [], "summary": {"covered_lines": 0, "num_statements": 4, "percent_covered": 0.0, "percent_covered_display": "0", "missing_lines": 4, "excluded_lines": 0, "percent_statements_covered": 0.0, "percent_statements_covered_display": "0"}, "missing_lines": [120, 123, 124, 125], "excluded_lines": [], "start_line": 106}, "SumsubAdapter": {"executed_lines": [160, 161, 165, 181, 182, 200, 201, 214, 215], "summary": {"covered_lines": 9, "num_statements": 57, "percent_covered": 15.789473684210526, "percent_covered_display": "16", "missing_lines": 48, "excluded_lines": 0, "percent_statements_covered": 15.789473684210526, "percent_statements_covered_display": "16"}, "missing_lines": [183, 202, 216, 220, 221, 222, 223, 226, 227, 228, 229, 231, 232, 233, 234, 242, 243, 245, 246, 252, 253, 256, 257, 258, 259, 261, 262, 263, 264, 272, 273, 275, 276, 283, 284, 287, 288, 289, 290, 292, 293, 294, 295, 303, 304, 305, 306, 307], "excluded_lines": [], "start_line": 138}, "": {"executed_lines": [19, 21, 22, 23, 25, 26, 31, 32, 43, 44, 45, 46, 47, 49, 50, 58, 59, 65, 66, 68, 69, 70, 71, 72, 73, 74, 75, 76, 78, 79, 82, 83, 86, 105, 106, 108, 109, 110, 111, 112, 113, 114, 115, 116, 118, 119, 122, 138, 150, 159, 163, 164, 167, 185, 204, 218, 225, 255, 286], "summary": {"covered_lines": 59, "num_statements": 59, "percent_covered": 100.0, "percent_covered_display": "100", "missing_lines": 0, "excluded_lines": 0, "percent_statements_covered": 100.0, "percent_statements_covered_display": "100"}, "missing_lines": [], "excluded_lines": [], "start_line": 1}}}, "src/compliance/adverse_media.py": {"executed_lines": [17, 19, 20, 21, 22, 23, 24, 25, 27, 31, 83, 125, 128, 129, 136, 138, 139, 140, 141, 147, 148, 160, 161, 162, 163, 164, 165, 166, 167, 168, 171, 176, 181, 184, 188, 189, 190, 192, 193, 194, 195, 198, 208, 213, 220, 221, 223, 224, 226, 227, 228, 231, 232, 236, 239, 242, 244, 245, 246, 247, 248, 249, 252, 254, 257, 258, 259, 264, 271, 272, 273, 274, 276, 277, 278, 279, 280, 282, 285, 287, 288, 291, 292, 294, 295, 296, 298, 299, 301, 304, 324, 329, 353, 354, 355, 357, 358, 362, 364, 365, 366, 369, 370, 371, 372, 373, 374, 375, 378, 382, 383, 384, 386, 387, 388, 389, 390, 391, 392, 393, 395, 397, 406, 407, 408, 409, 411, 413, 414, 415, 417, 422], "summary": {"covered_lines": 132, "num_statements": 161, "percent_covered": 81.98757763975155, "percent_covered_display": "82", "missing_lines": 29, "excluded_lines": 24, "percent_statements_covered": 81.98757763975155, "percent_statements_covered_display": "82"}, "missing_lines": [130, 131, 150, 151, 152, 153, 154, 155, 156, 157, 169, 170, 191, 199, 203, 204, 205, 206, 233, 237, 283, 302, 321, 322, 410, 416, 418, 419, 420], "excluded_lines": [438, 439, 441, 442, 443, 444, 445, 446, 447, 448, 449, 450, 451, 452, 453, 454, 455, 456, 457, 458, 459, 460, 461, 463], "functions": {"_parse_feed": {"executed_lines": [138, 139, 140, 141, 147, 148, 160, 161, 162, 163, 164, 165, 166, 167, 168, 171], "summary": {"covered_lines": 16, "num_statements": 26, "percent_covered": 61.53846153846154, "percent_covered_display": "62", "missing_lines": 10, "excluded_lines": 0, "percent_statements_covered": 61.53846153846154, "percent_statements_covered_display": "62"}, "missing_lines": [150, 151, 152, 153, 154, 155, 156, 157, 169, 170], "excluded_lines": [], "start_line": 136}, "_parse_ofac_html": {"executed_lines": [181, 184, 188, 189, 190, 192, 193, 194, 195, 198, 208], "summary": {"covered_lines": 11, "num_statements": 17, "percent_covered": 64.70588235294117, "percent_covered_display": "65", "missing_lines": 6, "excluded_lines": 0, "percent_statements_covered": 64.70588235294117, "percent_statements_covered_display": "65"}, "missing_lines": [191, 199, 203, 204, 205, 206], "excluded_lines": [], "start_line": 176}, "_entity_match_weight": {"executed_lines": [220, 221, 223, 224, 226, 227, 228, 231, 232, 236, 239], "summary": {"covered_lines": 11, "num_statements": 13, "percent_covered": 84.61538461538461, "percent_covered_display": "85", "missing_lines": 2, "excluded_lines": 0, "percent_statements_covered": 84.61538461538461, "percent_statements_covered_display": "85"}, "missing_lines": [233, 237], "excluded_lines": [], "start_line": 213}, "_topic_weight": {"executed_lines": [244, 245, 246, 247, 248, 249], "summary": {"covered_lines": 6, "num_statements": 6, "percent_covered": 100.0, "percent_covered_display": "100", "missing_lines": 0, "excluded_lines": 0, "percent_statements_covered": 100.0, "percent_statements_covered_display": "100"}, "missing_lines": [], "excluded_lines": [], "start_line": 242}, "_score_article": {"executed_lines": [254], "summary": {"covered_lines": 1, "num_statements": 1, "percent_covered": 100.0, "percent_covered_display": "100", "missing_lines": 0, "excluded_lines": 0, "percent_statements_covered": 100.0, "percent_statements_covered_display": "100"}, "missing_lines": [], "excluded_lines": [], "start_line": 252}, "_stable_hash": {"executed_lines": [258, 259], "summary": {"covered_lines": 2, "num_statements": 2, "percent_covered": 100.0, "percent_covered_display": "100", "missing_lines": 0, "excluded_lines": 0, "percent_statements_covered": 100.0, "percent_statements_covered_display": "100"}, "missing_lines": [], "excluded_lines": [], "start_line": 257}, "_fetch_feed": {"executed_lines": [271, 272, 273, 274, 276, 277, 278, 279, 280, 282, 285, 287, 288, 291, 292, 294, 295, 296, 298, 299, 301, 304, 324], "summary": {"covered_lines": 23, "num_statements": 27, "percent_covered": 85.18518518518519, "percent_covered_display": "85", "missing_lines": 4, "excluded_lines": 0, "percent_statements_covered": 85.18518518518519, "percent_statements_covered_display": "85"}, "missing_lines": [283, 302, 321, 322], "excluded_lines": [], "start_line": 264}, "check_adverse_media": {"executed_lines": [353, 354, 355, 357, 358, 362, 364, 365, 366, 369, 370, 371, 372, 373, 374, 375, 378, 382, 383, 384, 386, 387, 388, 389, 390, 391, 392, 393, 395, 397, 406, 407, 408, 409, 411, 413, 414, 415, 417, 422], "summary": {"covered_lines": 40, "num_statements": 45, "percent_covered": 88.88888888888889, "percent_covered_display": "89", "missing_lines": 5, "excluded_lines": 0, "percent_statements_covered": 88.88888888888889, "percent_statements_covered_display": "89"}, "missing_lines": [410, 416, 418, 419, 420], "excluded_lines": [], "start_line": 329}, "test": {"executed_lines": [], "summary": {"covered_lines": 0, "num_statements": 0, "percent_covered": 100.0, "percent_covered_display": "100", "missing_lines": 0, "excluded_lines": 20, "percent_statements_covered": 100.0, "percent_statements_covered_display": "100"}, "missing_lines": [], "excluded_lines": [442, 443, 444, 445, 446, 447, 448, 449, 450, 451, 452, 453, 454, 455, 456, 457, 458, 459, 460, 461], "start_line": 441}, "": {"executed_lines": [17, 19, 20, 21, 22, 23, 24, 25, 27, 31, 83, 125, 128, 129, 136, 176, 213, 242, 252, 257, 264, 329], "summary": {"covered_lines": 22, "num_statements": 24, "percent_covered": 91.66666666666667, "percent_covered_display": "92", "missing_lines": 2, "excluded_lines": 4, "percent_statements_covered": 91.66666666666667, "percent_statements_covered_display": "92"}, "missing_lines": [130, 131], "excluded_lines": [438, 439, 441, 463], "start_line": 1}}, "classes": {"": {"executed_lines": [17, 19, 20, 21, 22, 23, 24, 25, 27, 31, 83, 125, 128, 129, 136, 138, 139, 140, 141, 147, 148, 160, 161, 162, 163, 164, 165, 166, 167, 168, 171, 176, 181, 184, 188, 189, 190, 192, 193, 194, 195, 198, 208, 213, 220, 221, 223, 224, 226, 227, 228, 231, 232, 236, 239, 242, 244, 245, 246, 247, 248, 249, 252, 254, 257, 258, 259, 264, 271, 272, 273, 274, 276, 277, 278, 279, 280, 282, 285, 287, 288, 291, 292, 294, 295, 296, 298, 299, 301, 304, 324, 329, 353, 354, 355, 357, 358, 362, 364, 365, 366, 369, 370, 371, 372, 373, 374, 375, 378, 382, 383, 384, 386, 387, 388, 389, 390, 391, 392, 393, 395, 397, 406, 407, 408, 409, 411, 413, 414, 415, 417, 422], "summary": {"covered_lines": 132, "num_statements": 161, "percent_covered": 81.98757763975155, "percent_covered_display": "82", "missing_lines": 29, "excluded_lines": 24, "percent_statements_covered": 81.98757763975155, "percent_statements_covered_display": "82"}, "missing_lines": [130, 131, 150, 151, 152, 153, 154, 155, 156, 157, 169, 170, 191, 199, 203, 204, 205, 206, 233, 237, 283, 302, 321, 322, 410, 416, 418, 419, 420], "excluded_lines": [438, 439, 441, 442, 443, 444, 445, 446, 447, 448, 449, 450, 451, 452, 453, 454, 455, 456, 457, 458, 459, 460, 461, 463], "start_line": 1}}}, "src/compliance/agents/__init__.py": {"executed_lines": [1, 9], "summary": {"covered_lines": 2, "num_statements": 2, "percent_covered": 100.0, "percent_covered_display": "100", "missing_lines": 0, "excluded_lines": 0, "percent_statements_covered": 100.0, "percent_statements_covered_display": "100"}, "missing_lines": [], "excluded_lines": [], "functions": {"": {"executed_lines": [1, 9], "summary": {"covered_lines": 2, "num_statements": 2, "percent_covered": 100.0, "percent_covered_display": "100", "missing_lines": 0, "excluded_lines": 0, "percent_statements_covered": 100.0, "percent_statements_covered_display": "100"}, "missing_lines": [], "excluded_lines": [], "start_line": 1}}, "classes": {"": {"executed_lines": [1, 9], "summary": {"covered_lines": 2, "num_statements": 2, "percent_covered": 100.0, "percent_covered_display": "100", "missing_lines": 0, "excluded_lines": 0, "percent_statements_covered": 100.0, "percent_statements_covered_display": "100"}, "missing_lines": [], "excluded_lines": [], "start_line": 1}}}, "src/compliance/agents/orchestration_tree.py": {"executed_lines": [35, 37, 38, 40, 41, 46, 47, 58, 59, 60, 61, 63, 64, 67, 68, 79, 80, 81, 82, 83, 86, 91, 92, 93, 94, 95, 100, 122, 123, 127, 130, 132, 133, 135, 136, 140, 154, 157, 161, 164, 165, 178, 179, 191, 192, 204, 205, 217, 218, 229, 231, 233, 235, 242, 243, 244, 245, 246, 250, 261, 264, 265, 275, 280, 283, 292, 293, 294, 297, 298, 301, 309, 315, 321, 327, 335, 341, 347, 353, 360], "summary": {"covered_lines": 80, "num_statements": 80, "percent_covered": 100.0, "percent_covered_display": "100", "missing_lines": 0, "excluded_lines": 0, "percent_statements_covered": 100.0, "percent_statements_covered_display": "100"}, "missing_lines": [], "excluded_lines": [], "functions": {"AgentDescriptor.has_capability": {"executed_lines": [64], "summary": {"covered_lines": 1, "num_statements": 1, "percent_covered": 100.0, "percent_covered_display": "100", "missing_lines": 0, "excluded_lines": 0, "percent_statements_covered": 100.0, "percent_statements_covered_display": "100"}, "missing_lines": [], "excluded_lines": [], "start_line": 63}, "TrustBoundaryError.__init__": {"executed_lines": [92, 93, 94, 95], "summary": {"covered_lines": 4, "num_statements": 4, "percent_covered": 100.0, "percent_covered_display": "100", "missing_lines": 0, "excluded_lines": 0, "percent_statements_covered": 100.0, "percent_statements_covered_display": "100"}, "missing_lines": [], "excluded_lines": [], "start_line": 91}, "OrchestrationTree.__init__": {"executed_lines": [123], "summary": {"covered_lines": 1, "num_statements": 1, "percent_covered": 100.0, "percent_covered_display": "100", "missing_lines": 0, "excluded_lines": 0, "percent_statements_covered": 100.0, "percent_statements_covered_display": "100"}, "missing_lines": [], "excluded_lines": [], "start_line": 122}, "OrchestrationTree.register": {"executed_lines": [130], "summary": {"covered_lines": 1, "num_statements": 1, "percent_covered": 100.0, "percent_covered_display": "100", "missing_lines": 0, "excluded_lines": 0, "percent_statements_covered": 100.0, "percent_statements_covered_display": "100"}, "missing_lines": [], "excluded_lines": [], "start_line": 127}, "OrchestrationTree.get": {"executed_lines": [133], "summary": {"covered_lines": 1, "num_statements": 1, "percent_covered": 100.0, "percent_covered_display": "100", "missing_lines": 0, "excluded_lines": 0, "percent_statements_covered": 100.0, "percent_statements_covered_display": "100"}, "missing_lines": [], "excluded_lines": [], "start_line": 132}, "OrchestrationTree.registered_ids": {"executed_lines": [136], "summary": {"covered_lines": 1, "num_statements": 1, "percent_covered": 100.0, "percent_covered_display": "100", "missing_lines": 0, "excluded_lines": 0, "percent_statements_covered": 100.0, "percent_statements_covered_display": "100"}, "missing_lines": [], "excluded_lines": [], "start_line": 135}, "OrchestrationTree.check_call": {"executed_lines": [154, 157, 161, 164, 165, 178, 179, 191, 192, 204, 205, 217, 218, 229], "summary": {"covered_lines": 14, "num_statements": 14, "percent_covered": 100.0, "percent_covered_display": "100", "missing_lines": 0, "excluded_lines": 0, "percent_statements_covered": 100.0, "percent_statements_covered_display": "100"}, "missing_lines": [], "excluded_lines": [], "start_line": 140}, "OrchestrationTree.can_call": {"executed_lines": [233], "summary": {"covered_lines": 1, "num_statements": 1, "percent_covered": 100.0, "percent_covered_display": "100", "missing_lines": 0, "excluded_lines": 0, "percent_statements_covered": 100.0, "percent_statements_covered_display": "100"}, "missing_lines": [], "excluded_lines": [], "start_line": 231}, "OrchestrationTree.assert_call_allowed": {"executed_lines": [242, 243, 244, 245, 246], "summary": {"covered_lines": 5, "num_statements": 5, "percent_covered": 100.0, "percent_covered_display": "100", "missing_lines": 0, "excluded_lines": 0, "percent_statements_covered": 100.0, "percent_statements_covered_display": "100"}, "missing_lines": [], "excluded_lines": [], "start_line": 235}, "OrchestrationTree.check_capability": {"executed_lines": [261, 264, 265, 275], "summary": {"covered_lines": 4, "num_statements": 4, "percent_covered": 100.0, "percent_covered_display": "100", "missing_lines": 0, "excluded_lines": 0, "percent_statements_covered": 100.0, "percent_statements_covered_display": "100"}, "missing_lines": [], "excluded_lines": [], "start_line": 250}, "get_default_tree": {"executed_lines": [292, 293, 294], "summary": {"covered_lines": 3, "num_statements": 3, "percent_covered": 100.0, "percent_covered_display": "100", "missing_lines": 0, "excluded_lines": 0, "percent_statements_covered": 100.0, "percent_statements_covered_display": "100"}, "missing_lines": [], "excluded_lines": [], "start_line": 283}, "_build_default_tree": {"executed_lines": [298, 301, 309, 315, 321, 327, 335, 341, 347, 353, 360], "summary": {"covered_lines": 11, "num_statements": 11, "percent_covered": 100.0, "percent_covered_display": "100", "missing_lines": 0, "excluded_lines": 0, "percent_statements_covered": 100.0, "percent_statements_covered_display": "100"}, "missing_lines": [], "excluded_lines": [], "start_line": 297}, "": {"executed_lines": [35, 37, 38, 40, 41, 46, 47, 58, 59, 60, 61, 63, 67, 68, 79, 80, 81, 82, 83, 86, 91, 100, 122, 127, 132, 135, 140, 231, 235, 250, 280, 283, 297], "summary": {"covered_lines": 33, "num_statements": 33, "percent_covered": 100.0, "percent_covered_display": "100", "missing_lines": 0, "excluded_lines": 0, "percent_statements_covered": 100.0, "percent_statements_covered_display": "100"}, "missing_lines": [], "excluded_lines": [], "start_line": 1}}, "classes": {"AgentDescriptor": {"executed_lines": [64], "summary": {"covered_lines": 1, "num_statements": 1, "percent_covered": 100.0, "percent_covered_display": "100", "missing_lines": 0, "excluded_lines": 0, "percent_statements_covered": 100.0, "percent_statements_covered_display": "100"}, "missing_lines": [], "excluded_lines": [], "start_line": 47}, "TrustViolation": {"executed_lines": [], "summary": {"covered_lines": 0, "num_statements": 0, "percent_covered": 100.0, "percent_covered_display": "100", "missing_lines": 0, "excluded_lines": 0, "percent_statements_covered": 100.0, "percent_statements_covered_display": "100"}, "missing_lines": [], "excluded_lines": [], "start_line": 68}, "TrustBoundaryError": {"executed_lines": [92, 93, 94, 95], "summary": {"covered_lines": 4, "num_statements": 4, "percent_covered": 100.0, "percent_covered_display": "100", "missing_lines": 0, "excluded_lines": 0, "percent_statements_covered": 100.0, "percent_statements_covered_display": "100"}, "missing_lines": [], "excluded_lines": [], "start_line": 86}, "OrchestrationTree": {"executed_lines": [123, 130, 133, 136, 154, 157, 161, 164, 165, 178, 179, 191, 192, 204, 205, 217, 218, 229, 233, 242, 243, 244, 245, 246, 261, 264, 265, 275], "summary": {"covered_lines": 28, "num_statements": 28, "percent_covered": 100.0, "percent_covered_display": "100", "missing_lines": 0, "excluded_lines": 0, "percent_statements_covered": 100.0, "percent_statements_covered_display": "100"}, "missing_lines": [], "excluded_lines": [], "start_line": 100}, "": {"executed_lines": [35, 37, 38, 40, 41, 46, 47, 58, 59, 60, 61, 63, 67, 68, 79, 80, 81, 82, 83, 86, 91, 100, 122, 127, 132, 135, 140, 231, 235, 250, 280, 283, 292, 293, 294, 297, 298, 301, 309, 315, 321, 327, 335, 341, 347, 353, 360], "summary": {"covered_lines": 47, "num_statements": 47, "percent_covered": 100.0, "percent_covered_display": "100", "missing_lines": 0, "excluded_lines": 0, "percent_statements_covered": 100.0, "percent_statements_covered_display": "100"}, "missing_lines": [], "excluded_lines": [], "start_line": 1}}}, "src/compliance/aml_orchestrator.py": {"executed_lines": [31, 33, 34, 36, 43, 50, 51, 52, 54, 57, 67, 81, 82, 85, 86, 87, 88, 91, 92, 93, 94, 97, 103, 104, 105, 106, 109, 110, 111, 114, 118, 122, 124, 126, 131, 139], "summary": {"covered_lines": 36, "num_statements": 39, "percent_covered": 92.3076923076923, "percent_covered_display": "92", "missing_lines": 3, "excluded_lines": 85, "percent_statements_covered": 92.3076923076923, "percent_statements_covered_display": "92"}, "missing_lines": [98, 99, 100], "excluded_lines": [154, 156, 157, 158, 159, 160, 161, 162, 163, 164, 165, 166, 167, 168, 169, 170, 171, 172, 173, 174, 175, 176, 177, 178, 179, 180, 181, 182, 183, 184, 185, 186, 187, 188, 189, 190, 191, 192, 193, 194, 195, 196, 197, 198, 199, 200, 201, 202, 203, 204, 205, 206, 207, 208, 209, 210, 211, 212, 213, 214, 215, 216, 217, 218, 219, 220, 221, 222, 223, 224, 225, 226, 227, 228, 229, 230, 231, 232, 233, 234, 235, 236, 237, 238, 240], "functions": {"assess": {"executed_lines": [81, 82, 85, 86, 87, 88, 91, 92, 93, 94, 97, 103, 104, 105, 106, 109, 110, 111, 114, 118, 122, 124, 126, 131, 139], "summary": {"covered_lines": 25, "num_statements": 28, "percent_covered": 89.28571428571429, "percent_covered_display": "89", "missing_lines": 3, "excluded_lines": 0, "percent_statements_covered": 89.28571428571429, "percent_statements_covered_display": "89"}, "missing_lines": [98, 99, 100], "excluded_lines": [], "start_line": 67}, "_run_smoke_tests": {"executed_lines": [], "summary": {"covered_lines": 0, "num_statements": 0, "percent_covered": 100.0, "percent_covered_display": "100", "missing_lines": 0, "excluded_lines": 82, "percent_statements_covered": 100.0, "percent_statements_covered_display": "100"}, "missing_lines": [], "excluded_lines": [157, 158, 159, 160, 161, 162, 163, 164, 165, 166, 167, 168, 169, 170, 171, 172, 173, 174, 175, 176, 177, 178, 179, 180, 181, 182, 183, 184, 185, 186, 187, 188, 189, 190, 191, 192, 193, 194, 195, 196, 197, 198, 199, 200, 201, 202, 203, 204, 205, 206, 207, 208, 209, 210, 211, 212, 213, 214, 215, 216, 217, 218, 219, 220, 221, 222, 223, 224, 225, 226, 227, 228, 229, 230, 231, 232, 233, 234, 235, 236, 237, 238], "start_line": 156}, "": {"executed_lines": [31, 33, 34, 36, 43, 50, 51, 52, 54, 57, 67], "summary": {"covered_lines": 11, "num_statements": 11, "percent_covered": 100.0, "percent_covered_display": "100", "missing_lines": 0, "excluded_lines": 3, "percent_statements_covered": 100.0, "percent_statements_covered_display": "100"}, "missing_lines": [], "excluded_lines": [154, 156, 240], "start_line": 1}}, "classes": {"": {"executed_lines": [31, 33, 34, 36, 43, 50, 51, 52, 54, 57, 67, 81, 82, 85, 86, 87, 88, 91, 92, 93, 94, 97, 103, 104, 105, 106, 109, 110, 111, 114, 118, 122, 124, 126, 131, 139], "summary": {"covered_lines": 36, "num_statements": 39, "percent_covered": 92.3076923076923, "percent_covered_display": "92", "missing_lines": 3, "excluded_lines": 85, "percent_statements_covered": 92.3076923076923, "percent_statements_covered_display": "92"}, "missing_lines": [98, 99, 100], "excluded_lines": [154, 156, 157, 158, 159, 160, 161, 162, 163, 164, 165, 166, 167, 168, 169, 170, 171, 172, 173, 174, 175, 176, 177, 178, 179, 180, 181, 182, 183, 184, 185, 186, 187, 188, 189, 190, 191, 192, 193, 194, 195, 196, 197, 198, 199, 200, 201, 202, 203, 204, 205, 206, 207, 208, 209, 210, 211, 212, 213, 214, 215, 216, 217, 218, 219, 220, 221, 222, 223, 224, 225, 226, 227, 228, 229, 230, 231, 232, 233, 234, 235, 236, 237, 238, 240], "start_line": 1}}}, "src/compliance/api.py": {"executed_lines": [7, 9, 10, 11, 12, 13, 14, 15, 16, 18, 19, 20, 21, 22, 25, 26, 28, 29, 30, 31, 32, 33, 34, 35, 36, 37, 38, 39, 40, 41, 42, 46, 47, 50, 55, 63, 64, 70, 71, 72, 73, 74, 76, 77, 78, 79, 81, 82, 83, 85, 86, 87, 88, 89, 90, 91, 92, 93, 95, 96, 97, 98, 100, 101, 102, 107, 108, 109, 110, 111, 112, 113, 116, 117, 118, 119, 121, 122, 125, 126, 127, 128, 129, 130, 131, 132, 133, 135, 137, 139, 141, 143, 146, 147, 148, 149, 150, 151, 152, 157, 158, 167, 168, 169, 171, 172, 175, 176, 177, 178, 180, 181, 182, 185, 208, 209, 210, 230, 231, 232, 233, 234, 235, 236, 237, 242, 250, 251, 252, 253, 256, 257, 258, 260, 263, 264, 270, 271, 272, 274, 277, 279, 280, 292, 293, 294, 302, 303, 304, 305, 308, 309, 315, 317, 318, 319, 326, 328, 331, 332, 338, 347, 350, 351, 352, 355, 356, 360, 363, 364, 371, 372, 378, 379, 380, 381, 383, 385, 386, 387, 388, 390, 392, 402, 403, 406, 418, 420, 423, 429, 444, 445, 454, 455, 461, 462, 469, 472, 473, 497, 498, 509, 510, 511, 512, 514, 519, 532, 533, 540, 541, 542, 543, 545, 546, 547, 552, 556, 571, 572, 577, 578, 588, 589, 591, 592, 594, 595, 597, 598, 601, 602, 604, 605, 608, 609, 611, 612, 615, 616, 617, 622, 623, 624, 628, 629, 632, 633, 634, 635, 636, 637, 641, 642, 650, 651, 652], "summary": {"covered_lines": 257, "num_statements": 297, "percent_covered": 86.53198653198653, "percent_covered_display": "87", "missing_lines": 40, "excluded_lines": 3, "percent_statements_covered": 86.53198653198653, "percent_statements_covered_display": "87"}, "missing_lines": [43, 44, 65, 120, 134, 136, 138, 140, 142, 243, 244, 245, 246, 247, 366, 367, 368, 447, 448, 449, 450, 451, 457, 458, 464, 487, 488, 489, 490, 491, 492, 596, 603, 610, 618, 619, 626, 627, 638, 639], "excluded_lines": [655, 656, 657], "functions": {"startup": {"executed_lines": [], "summary": {"covered_lines": 0, "num_statements": 1, "percent_covered": 0.0, "percent_covered_display": "0", "missing_lines": 1, "excluded_lines": 0, "percent_statements_covered": 0.0, "percent_statements_covered_display": "0"}, "missing_lines": [65], "excluded_lines": [], "start_line": 64}, "_save_log": {"executed_lines": [108, 109, 110, 111, 112, 113], "summary": {"covered_lines": 6, "num_statements": 6, "percent_covered": 100.0, "percent_covered_display": "100", "missing_lines": 0, "excluded_lines": 0, "percent_statements_covered": 100.0, "percent_statements_covered_display": "100"}, "missing_lines": [], "excluded_lines": [], "start_line": 107}, "_load_risk_matrix": {"executed_lines": [117, 118, 119, 121, 122], "summary": {"covered_lines": 5, "num_statements": 6, "percent_covered": 83.33333333333333, "percent_covered_display": "83", "missing_lines": 1, "excluded_lines": 0, "percent_statements_covered": 83.33333333333333, "percent_statements_covered_display": "83"}, "missing_lines": [120], "excluded_lines": [], "start_line": 116}, "_composite_score": {"executed_lines": [126, 127, 128, 129, 130, 131, 132, 133, 135, 137, 139, 141, 143], "summary": {"covered_lines": 13, "num_statements": 18, "percent_covered": 72.22222222222223, "percent_covered_display": "72", "missing_lines": 5, "excluded_lines": 0, "percent_statements_covered": 72.22222222222223, "percent_statements_covered_display": "72"}, "missing_lines": [134, 136, 138, 140, 142], "excluded_lines": [], "start_line": 125}, "_make_decision": {"executed_lines": [147, 148, 149, 150, 151, 152], "summary": {"covered_lines": 6, "num_statements": 6, "percent_covered": 100.0, "percent_covered_display": "100", "missing_lines": 0, "excluded_lines": 0, "percent_statements_covered": 100.0, "percent_statements_covered_display": "100"}, "missing_lines": [], "excluded_lines": [], "start_line": 146}, "screen_person": {"executed_lines": [167, 168, 169, 171, 172, 175, 176, 177, 178, 180, 181, 182, 185, 208, 209, 210, 230, 231, 232, 233, 234, 235, 236, 237, 242, 250, 251, 252, 253, 256, 257, 258, 260], "summary": {"covered_lines": 33, "num_statements": 38, "percent_covered": 86.84210526315789, "percent_covered_display": "87", "missing_lines": 5, "excluded_lines": 0, "percent_statements_covered": 86.84210526315789, "percent_statements_covered_display": "87"}, "missing_lines": [243, 244, 245, 246, 247], "excluded_lines": [], "start_line": 158}, "screen_company": {"executed_lines": [270, 271, 272, 274, 277, 279, 280, 292, 293, 294, 302, 303, 304, 305], "summary": {"covered_lines": 14, "num_statements": 14, "percent_covered": 100.0, "percent_covered_display": "100", "missing_lines": 0, "excluded_lines": 0, "percent_statements_covered": 100.0, "percent_statements_covered_display": "100"}, "missing_lines": [], "excluded_lines": [], "start_line": 264}, "screen_wallet": {"executed_lines": [315, 317, 318, 319, 326, 328], "summary": {"covered_lines": 6, "num_statements": 6, "percent_covered": 100.0, "percent_covered_display": "100", "missing_lines": 0, "excluded_lines": 0, "percent_statements_covered": 100.0, "percent_statements_covered_display": "100"}, "missing_lines": [], "excluded_lines": [], "start_line": 309}, "transaction_check": {"executed_lines": [338, 347, 350, 351, 352, 355, 356, 360], "summary": {"covered_lines": 8, "num_statements": 8, "percent_covered": 100.0, "percent_covered_display": "100", "missing_lines": 0, "excluded_lines": 0, "percent_statements_covered": 100.0, "percent_statements_covered_display": "100"}, "missing_lines": [], "excluded_lines": [], "start_line": 332}, "legal_lookup": {"executed_lines": [], "summary": {"covered_lines": 0, "num_statements": 3, "percent_covered": 0.0, "percent_covered_display": "0", "missing_lines": 3, "excluded_lines": 0, "percent_statements_covered": 0.0, "percent_statements_covered_display": "0"}, "missing_lines": [366, 367, 368], "excluded_lines": [], "start_line": 364}, "kyb_entity": {"executed_lines": [378, 379, 380, 381, 383, 385, 386, 387, 388, 390, 392, 402, 403, 406, 418, 420, 423, 429], "summary": {"covered_lines": 18, "num_statements": 18, "percent_covered": 100.0, "percent_covered_display": "100", "missing_lines": 0, "excluded_lines": 0, "percent_statements_covered": 100.0, "percent_statements_covered_display": "100"}, "missing_lines": [], "excluded_lines": [], "start_line": 372}, "get_report": {"executed_lines": [], "summary": {"covered_lines": 0, "num_statements": 5, "percent_covered": 0.0, "percent_covered_display": "0", "missing_lines": 5, "excluded_lines": 0, "percent_statements_covered": 0.0, "percent_statements_covered_display": "0"}, "missing_lines": [447, 448, 449, 450, 451], "excluded_lines": [], "start_line": 445}, "entity_history": {"executed_lines": [], "summary": {"covered_lines": 0, "num_statements": 2, "percent_covered": 0.0, "percent_covered_display": "0", "missing_lines": 2, "excluded_lines": 0, "percent_statements_covered": 0.0, "percent_statements_covered_display": "0"}, "missing_lines": [457, 458], "excluded_lines": [], "start_line": 455}, "compliance_stats": {"executed_lines": [], "summary": {"covered_lines": 0, "num_statements": 1, "percent_covered": 0.0, "percent_covered_display": "0", "missing_lines": 1, "excluded_lines": 0, "percent_statements_covered": 0.0, "percent_statements_covered_display": "0"}, "missing_lines": [464], "excluded_lines": [], "start_line": 462}, "emergency_panel": {"executed_lines": [], "summary": {"covered_lines": 0, "num_statements": 6, "percent_covered": 0.0, "percent_covered_display": "0", "missing_lines": 6, "excluded_lines": 0, "percent_statements_covered": 0.0, "percent_statements_covered_display": "0"}, "missing_lines": [487, 488, 489, 490, 491, 492], "excluded_lines": [], "start_line": 473}, "emergency_stop": {"executed_lines": [509, 510, 511, 512, 514, 519], "summary": {"covered_lines": 6, "num_statements": 6, "percent_covered": 100.0, "percent_covered_display": "100", "missing_lines": 0, "excluded_lines": 0, "percent_statements_covered": 100.0, "percent_statements_covered_display": "100"}, "missing_lines": [], "excluded_lines": [], "start_line": 498}, "emergency_resume": {"executed_lines": [540, 541, 542, 543, 545, 546, 547, 552, 556], "summary": {"covered_lines": 9, "num_statements": 9, "percent_covered": 100.0, "percent_covered_display": "100", "missing_lines": 0, "excluded_lines": 0, "percent_statements_covered": 100.0, "percent_statements_covered_display": "100"}, "missing_lines": [], "excluded_lines": [], "start_line": 533}, "emergency_stop_status": {"executed_lines": [577, 578], "summary": {"covered_lines": 2, "num_statements": 2, "percent_covered": 100.0, "percent_covered_display": "100", "missing_lines": 0, "excluded_lines": 0, "percent_statements_covered": 100.0, "percent_statements_covered_display": "100"}, "missing_lines": [], "excluded_lines": [], "start_line": 572}, "health": {"executed_lines": [591, 592, 594, 595, 597, 598, 601, 602, 604, 605, 608, 609, 611, 612, 615, 616, 617, 622, 623, 624, 628, 629, 632, 633, 634, 635, 636, 637, 641, 642], "summary": {"covered_lines": 30, "num_statements": 39, "percent_covered": 76.92307692307692, "percent_covered_display": "77", "missing_lines": 9, "excluded_lines": 0, "percent_statements_covered": 76.92307692307692, "percent_statements_covered_display": "77"}, "missing_lines": [596, 603, 610, 618, 619, 626, 627, 638, 639], "excluded_lines": [], "start_line": 589}, "root": {"executed_lines": [652], "summary": {"covered_lines": 1, "num_statements": 1, "percent_covered": 100.0, "percent_covered_display": "100", "missing_lines": 0, "excluded_lines": 0, "percent_statements_covered": 100.0, "percent_statements_covered_display": "100"}, "missing_lines": [], "excluded_lines": [], "start_line": 651}, "": {"executed_lines": [7, 9, 10, 11, 12, 13, 14, 15, 16, 18, 19, 20, 21, 22, 25, 26, 28, 29, 30, 31, 32, 33, 34, 35, 36, 37, 38, 39, 40, 41, 42, 46, 47, 50, 55, 63, 64, 70, 71, 72, 73, 74, 76, 77, 78, 79, 81, 82, 83, 85, 86, 87, 88, 89, 90, 91, 92, 93, 95, 96, 97, 98, 100, 101, 102, 107, 116, 125, 146, 157, 158, 263, 264, 308, 309, 331, 332, 363, 364, 371, 372, 444, 445, 454, 455, 461, 462, 469, 472, 473, 497, 498, 532, 533, 571, 572, 588, 589, 650, 651], "summary": {"covered_lines": 100, "num_statements": 102, "percent_covered": 98.03921568627452, "percent_covered_display": "98", "missing_lines": 2, "excluded_lines": 3, "percent_statements_covered": 98.03921568627452, "percent_statements_covered_display": "98"}, "missing_lines": [43, 44], "excluded_lines": [655, 656, 657], "start_line": 1}}, "classes": {"PersonScreenRequest": {"executed_lines": [], "summary": {"covered_lines": 0, "num_statements": 0, "percent_covered": 100.0, "percent_covered_display": "100", "missing_lines": 0, "excluded_lines": 0, "percent_statements_covered": 100.0, "percent_statements_covered_display": "100"}, "missing_lines": [], "excluded_lines": [], "start_line": 70}, "CompanyScreenRequest": {"executed_lines": [], "summary": {"covered_lines": 0, "num_statements": 0, "percent_covered": 100.0, "percent_covered_display": "100", "missing_lines": 0, "excluded_lines": 0, "percent_statements_covered": 100.0, "percent_statements_covered_display": "100"}, "missing_lines": [], "excluded_lines": [], "start_line": 76}, "WalletScreenRequest": {"executed_lines": [], "summary": {"covered_lines": 0, "num_statements": 0, "percent_covered": 100.0, "percent_covered_display": "100", "missing_lines": 0, "excluded_lines": 0, "percent_statements_covered": 100.0, "percent_statements_covered_display": "100"}, "missing_lines": [], "excluded_lines": [], "start_line": 81}, "TransactionRequest": {"executed_lines": [], "summary": {"covered_lines": 0, "num_statements": 0, "percent_covered": 100.0, "percent_covered_display": "100", "missing_lines": 0, "excluded_lines": 0, "percent_statements_covered": 100.0, "percent_statements_covered_display": "100"}, "missing_lines": [], "excluded_lines": [], "start_line": 85}, "EmergencyStopRequest": {"executed_lines": [], "summary": {"covered_lines": 0, "num_statements": 0, "percent_covered": 100.0, "percent_covered_display": "10
[...]
 "percent_covered_display": "100", "missing_lines": 0, "excluded_lines": 0, "percent_statements_covered": 100.0, "percent_statements_covered_display": "100"}, "missing_lines": [], "excluded_lines": [], "functions": {"": {"executed_lines": [5, 7], "summary": {"covered_lines": 2, "num_statements": 2, "percent_covered": 100.0, "percent_covered_display": "100", "missing_lines": 0, "excluded_lines": 0, "percent_statements_covered": 100.0, "percent_statements_covered_display": "100"}, "missing_lines": [], "excluded_lines": [], "start_line": 1}}, "classes": {"": {"executed_lines": [5, 7], "summary": {"covered_lines": 2, "num_statements": 2, "percent_covered": 100.0, "percent_covered_display": "100", "missing_lines": 0, "excluded_lines": 0, "percent_statements_covered": 100.0, "percent_statements_covered_display": "100"}, "missing_lines": [], "excluded_lines": [], "start_line": 1}}}, "src/compliance/verification/compliance_validator.py": {"executed_lines": [6, 8, 9, 10, 11, 13, 25, 26, 27, 28, 31, 32, 33, 34, 35, 36, 42, 43, 44, 45, 46, 47, 48, 49, 52, 60, 61, 64, 65, 66, 74, 76, 77, 78, 86, 95, 104, 105, 106, 114, 119, 127, 130, 133, 135, 138, 140, 141], "summary": {"covered_lines": 48, "num_statements": 53, "percent_covered": 90.56603773584905, "percent_covered_display": "91", "missing_lines": 5, "excluded_lines": 8, "percent_statements_covered": 90.56603773584905, "percent_statements_covered_display": "91"}, "missing_lines": [87, 96, 116, 131, 134], "excluded_lines": [144, 145, 146, 147, 148, 149, 150, 151], "functions": {"verify": {"executed_lines": [60, 61, 64, 65, 66, 74, 76, 77, 78, 86, 95, 104, 105, 106, 114, 119], "summary": {"covered_lines": 16, "num_statements": 19, "percent_covered": 84.21052631578948, "percent_covered_display": "84", "missing_lines": 3, "excluded_lines": 0, "percent_statements_covered": 84.21052631578948, "percent_statements_covered_display": "84"}, "missing_lines": [87, 96, 116], "excluded_lines": [], "start_line": 52}, "_check_wrong_threshold": {"executed_lines": [130, 133, 135], "summary": {"covered_lines": 3, "num_statements": 5, "percent_covered": 60.0, "percent_covered_display": "60", "missing_lines": 2, "excluded_lines": 0, "percent_statements_covered": 60.0, "percent_statements_covered_display": "60"}, "missing_lines": [131, 134], "excluded_lines": [], "start_line": 127}, "_requires_edd": {"executed_lines": [140, 141], "summary": {"covered_lines": 2, "num_statements": 2, "percent_covered": 100.0, "percent_covered_display": "100", "missing_lines": 0, "excluded_lines": 0, "percent_statements_covered": 100.0, "percent_statements_covered_display": "100"}, "missing_lines": [], "excluded_lines": [], "start_line": 138}, "": {"executed_lines": [6, 8, 9, 10, 11, 13, 25, 26, 27, 28, 31, 32, 33, 34, 35, 36, 42, 43, 44, 45, 46, 47, 48, 49, 52, 127, 138], "summary": {"covered_lines": 27, "num_statements": 27, "percent_covered": 100.0, "percent_covered_display": "100", "missing_lines": 0, "excluded_lines": 8, "percent_statements_covered": 100.0, "percent_statements_covered_display": "100"}, "missing_lines": [], "excluded_lines": [144, 145, 146, 147, 148, 149, 150, 151], "start_line": 1}}, "classes": {"Verdict": {"executed_lines": [], "summary": {"covered_lines": 0, "num_statements": 0, "percent_covered": 100.0, "percent_covered_display": "100", "missing_lines": 0, "excluded_lines": 0, "percent_statements_covered": 100.0, "percent_statements_covered_display": "100"}, "missing_lines": [], "excluded_lines": [], "start_line": 25}, "VerificationResult": {"executed_lines": [], "summary": {"covered_lines": 0, "num_statements": 0, "percent_covered": 100.0, "percent_covered_display": "100", "missing_lines": 0, "excluded_lines": 0, "percent_statements_covered": 100.0, "percent_statements_covered_display": "100"}, "missing_lines": [], "excluded_lines": [], "start_line": 32}, "": {"executed_lines": [6, 8, 9, 10, 11, 13, 25, 26, 27, 28, 31, 32, 33, 34, 35, 36, 42, 43, 44, 45, 46, 47, 48, 49, 52, 60, 61, 64, 65, 66, 74, 76, 77, 78, 86, 95, 104, 105, 106, 114, 119, 127, 130, 133, 135, 138, 140, 141], "summary": {"covered_lines": 48, "num_statements": 53, "percent_covered": 90.56603773584905, "percent_covered_display": "91", "missing_lines": 5, "excluded_lines": 8, "percent_statements_covered": 90.56603773584905, "percent_statements_covered_display": "91"}, "missing_lines": [87, 96, 116, 131, 134], "excluded_lines": [144, 145, 146, 147, 148, 149, 150, 151], "start_line": 1}}}, "src/compliance/verification/orchestrator.py": {"executed_lines": [12, 14, 15, 16, 17, 18, 19, 20, 21, 22, 23, 25, 30, 34, 39, 40, 43, 44, 45, 46, 47, 48, 49, 52, 53, 54, 55, 57, 58, 59, 60, 62, 63, 64, 65, 68, 69, 70, 71, 72, 73, 74, 75, 76, 77, 80, 86, 87, 88, 91, 92, 93, 98, 99, 100, 102, 103, 104, 107, 108, 109, 110, 114, 115, 118, 122, 125, 126, 127, 128, 133, 134, 137, 140, 147, 152, 155, 158, 159, 160, 162, 167, 168, 169, 170, 171, 173, 204, 205, 207, 210, 212, 213, 214, 217], "summary": {"covered_lines": 95, "num_statements": 130, "percent_covered": 73.07692307692308, "percent_covered_display": "73", "missing_lines": 35, "excluded_lines": 13, "percent_statements_covered": 73.07692307692308, "percent_statements_covered_display": "73"}, "missing_lines": [119, 124, 130, 219, 220, 221, 222, 223, 224, 225, 226, 227, 228, 229, 230, 231, 232, 233, 234, 235, 236, 237, 238, 239, 240, 241, 242, 243, 244, 245, 246, 247, 248, 249, 250], "excluded_lines": [253, 254, 255, 256, 257, 258, 259, 261, 267, 268, 269, 270, 271], "functions": {"run_verification": {"executed_lines": [86, 87, 88, 91, 92, 93, 98, 99, 100, 102, 103, 104, 107, 108, 109, 110, 114, 115, 118, 122, 125, 126, 127, 128, 133, 134, 137, 140, 147, 152, 155, 158, 159, 160, 162, 167, 168, 169, 170, 171, 173, 204, 205, 207], "summary": {"covered_lines": 44, "num_statements": 47, "percent_covered": 93.61702127659575, "percent_covered_display": "94", "missing_lines": 3, "excluded_lines": 0, "percent_statements_covered": 93.61702127659575, "percent_statements_covered_display": "94"}, "missing_lines": [119, 124, 130], "excluded_lines": [], "start_line": 80}, "_save_to_corpus": {"executed_lines": [212, 213, 214], "summary": {"covered_lines": 3, "num_statements": 3, "percent_covered": 100.0, "percent_covered_display": "100", "missing_lines": 0, "excluded_lines": 0, "percent_statements_covered": 100.0, "percent_statements_covered_display": "100"}, "missing_lines": [], "excluded_lines": [], "start_line": 210}, "print_result": {"executed_lines": [], "summary": {"covered_lines": 0, "num_statements": 32, "percent_covered": 0.0, "percent_covered_display": "0", "missing_lines": 32, "excluded_lines": 0, "percent_statements_covered": 0.0, "percent_statements_covered_display": "0"}, "missing_lines": [219, 220, 221, 222, 223, 224, 225, 226, 227, 228, 229, 230, 231, 232, 233, 234, 235, 236, 237, 238, 239, 240, 241, 242, 243, 244, 245, 246, 247, 248, 249, 250], "excluded_lines": [], "start_line": 217}, "": {"executed_lines": [12, 14, 15, 16, 17, 18, 19, 20, 21, 22, 23, 25, 30, 34, 39, 40, 43, 44, 45, 46, 47, 48, 49, 52, 53, 54, 55, 57, 58, 59, 60, 62, 63, 64, 65, 68, 69, 70, 71, 72, 73, 74, 75, 76, 77, 80, 210, 217], "summary": {"covered_lines": 48, "num_statements": 48, "percent_covered": 100.0, "percent_covered_display": "100", "missing_lines": 0, "excluded_lines": 13, "percent_statements_covered": 100.0, "percent_statements_covered_display": "100"}, "missing_lines": [], "excluded_lines": [253, 254, 255, 256, 257, 258, 259, 261, 267, 268, 269, 270, 271], "start_line": 1}}, "classes": {"ConsensusResult": {"executed_lines": [], "summary": {"covered_lines": 0, "num_statements": 0, "percent_covered": 100.0, "percent_covered_display": "100", "missing_lines": 0, "excluded_lines": 0, "percent_statements_covered": 100.0, "percent_statements_covered_display": "100"}, "missing_lines": [], "excluded_lines": [], "start_line": 44}, "": {"executed_lines": [12, 14, 15, 16, 17, 18, 19, 20, 21, 22, 23, 25, 30, 34, 39, 40, 43, 44, 45, 46, 47, 48, 49, 52, 53, 54, 55, 57, 58, 59, 60, 62, 63, 64, 65, 68, 69, 70, 71, 72, 73, 74, 75, 76, 77, 80, 86, 87, 88, 91, 92, 93, 98, 99, 100, 102, 103, 104, 107, 108, 109, 110, 114, 115, 118, 122, 125, 126, 127, 128, 133, 134, 137, 140, 147, 152, 155, 158, 159, 160, 162, 167, 168, 169, 170, 171, 173, 204, 205, 207, 210, 212, 213, 214, 217], "summary": {"covered_lines": 95, "num_statements": 130, "percent_covered": 73.07692307692308, "percent_covered_display": "73", "missing_lines": 35, "excluded_lines": 13, "percent_statements_covered": 73.07692307692308, "percent_statements_covered_display": "73"}, "missing_lines": [119, 124, 130, 219, 220, 221, 222, 223, 224, 225, 226, 227, 228, 229, 230, 231, 232, 233, 234, 235, 236, 237, 238, 239, 240, 241, 242, 243, 244, 245, 246, 247, 248, 249, 250], "excluded_lines": [253, 254, 255, 256, 257, 258, 259, 261, 267, 268, 269, 270, 271], "start_line": 1}}}, "src/compliance/verification/policy_agent.py": {"executed_lines": [6, 8, 9, 10, 11, 14, 15, 16, 17, 20, 21, 22, 23, 24, 25, 29, 39, 42, 45, 52, 56, 57, 60, 61, 62, 70, 71, 72, 81, 89, 90, 91, 92, 100, 101, 102, 103, 104, 105, 113, 121, 129, 130, 131, 132, 133, 134, 136, 138, 141, 142, 146, 147, 148, 149], "summary": {"covered_lines": 55, "num_statements": 57, "percent_covered": 96.49122807017544, "percent_covered_display": "96", "missing_lines": 2, "excluded_lines": 8, "percent_statements_covered": 96.49122807017544, "percent_statements_covered_display": "96"}, "missing_lines": [114, 137], "excluded_lines": [152, 153, 154, 155, 156, 157, 158, 159], "functions": {"verify": {"executed_lines": [56, 57, 60, 61, 62, 70, 71, 72, 81, 89, 90, 91, 92, 100, 101, 102, 103, 104, 105, 113, 121], "summary": {"covered_lines": 21, "num_statements": 22, "percent_covered": 95.45454545454545, "percent_covered_display": "95", "missing_lines": 1, "excluded_lines": 0, "percent_statements_covered": 95.45454545454545, "percent_statements_covered_display": "95"}, "missing_lines": [114], "excluded_lines": [], "start_line": 52}, "_mentions_large_amount_without_kyc": {"executed_lines": [130, 131, 132, 133, 134, 136, 138], "summary": {"covered_lines": 7, "num_statements": 8, "percent_covered": 87.5, "percent_covered_display": "88", "missing_lines": 1, "excluded_lines": 0, "percent_statements_covered": 87.5, "percent_statements_covered_display": "88"}, "missing_lines": [137], "excluded_lines": [], "start_line": 129}, "_detect_out_of_scope_products": {"executed_lines": [142, 146, 147, 148, 149], "summary": {"covered_lines": 5, "num_statements": 5, "percent_covered": 100.0, "percent_covered_display": "100", "missing_lines": 0, "excluded_lines": 0, "percent_statements_covered": 100.0, "percent_statements_covered_display": "100"}, "missing_lines": [], "excluded_lines": [], "start_line": 141}, "": {"executed_lines": [6, 8, 9, 10, 11, 14, 15, 16, 17, 20, 21, 22, 23, 24, 25, 29, 39, 42, 45, 52, 129, 141], "summary": {"covered_lines": 22, "num_statements": 22, "percent_covered": 100.0, "percent_covered_display": "100", "missing_lines": 0, "excluded_lines": 8, "percent_statements_covered": 100.0, "percent_statements_covered_display": "100"}, "missing_lines": [], "excluded_lines": [152, 153, 154, 155, 156, 157, 158, 159], "start_line": 1}}, "classes": {"Verdict": {"executed_lines": [], "summary": {"covered_lines": 0, "num_statements": 0, "percent_covered": 100.0, "percent_covered_display": "100", "missing_lines": 0, "excluded_lines": 0, "percent_statements_covered": 100.0, "percent_statements_covered_display": "100"}, "missing_lines": [], "excluded_lines": [], "start_line": 14}, "VerificationResult": {"executed_lines": [], "summary": {"covered_lines": 0, "num_statements": 0, "percent_covered": 100.0, "percent_covered_display": "100", "missing_lines": 0, "excluded_lines": 0, "percent_statements_covered": 100.0, "percent_statements_covered_display": "100"}, "missing_lines": [], "excluded_lines": [], "start_line": 21}, "": {"executed_lines": [6, 8, 9, 10, 11, 14, 15, 16, 17, 20, 21, 22, 23, 24, 25, 29, 39, 42, 45, 52, 56, 57, 60, 61, 62, 70, 71, 72, 81, 89, 90, 91, 92, 100, 101, 102, 103, 104, 105, 113, 121, 129, 130, 131, 132, 133, 134, 136, 138, 141, 142, 146, 147, 148, 149], "summary": {"covered_lines": 55, "num_statements": 57, "percent_covered": 96.49122807017544, "percent_covered_display": "96", "missing_lines": 2, "excluded_lines": 8, "percent_statements_covered": 96.49122807017544, "percent_statements_covered_display": "96"}, "missing_lines": [114, 137], "excluded_lines": [152, 153, 154, 155, 156, 157, 158, 159], "start_line": 1}}}, "src/compliance/verification/workflow_agent.py": {"executed_lines": [6, 8, 9, 10, 11, 14, 15, 16, 17, 20, 21, 22, 23, 24, 25, 29, 39, 47, 56, 72, 76, 77, 78, 81, 82, 83, 92, 93, 95, 96, 103, 104, 112, 113, 114, 115, 124, 133, 141, 149, 150, 155, 158, 159, 165, 168, 169, 173, 176], "summary": {"covered_lines": 49, "num_statements": 56, "percent_covered": 87.5, "percent_covered_display": "88", "missing_lines": 7, "excluded_lines": 8, "percent_statements_covered": 87.5, "percent_statements_covered_display": "88"}, "missing_lines": [84, 97, 116, 125, 134, 177, 181], "excluded_lines": [184, 185, 186, 187, 188, 189, 190, 191], "functions": {"verify": {"executed_lines": [76, 77, 78, 81, 82, 83, 92, 93, 95, 96, 103, 104, 112, 113, 114, 115, 124, 133, 141], "summary": {"covered_lines": 19, "num_statements": 24, "percent_covered": 79.16666666666667, "percent_covered_display": "79", "missing_lines": 5, "excluded_lines": 0, "percent_statements_covered": 79.16666666666667, "percent_statements_covered_display": "79"}, "missing_lines": [84, 97, 116, 125, 134], "excluded_lines": [], "start_line": 72}, "_should_escalate": {"executed_lines": [150, 155], "summary": {"covered_lines": 2, "num_statements": 2, "percent_covered": 100.0, "percent_covered_display": "100", "missing_lines": 0, "excluded_lines": 0, "percent_statements_covered": 100.0, "percent_statements_covered_display": "100"}, "missing_lines": [], "excluded_lines": [], "start_line": 149}, "_mentions_escalation": {"executed_lines": [159, 165], "summary": {"covered_lines": 2, "num_statements": 2, "percent_covered": 100.0, "percent_covered_display": "100", "missing_lines": 0, "excluded_lines": 0, "percent_statements_covered": 100.0, "percent_statements_covered_display": "100"}, "missing_lines": [], "excluded_lines": [], "start_line": 158}, "_is_complex_case": {"executed_lines": [169, 173], "summary": {"covered_lines": 2, "num_statements": 2, "percent_covered": 100.0, "percent_covered_display": "100", "missing_lines": 0, "excluded_lines": 0, "percent_statements_covered": 100.0, "percent_statements_covered_display": "100"}, "missing_lines": [], "excluded_lines": [], "start_line": 168}, "_claims_self_resolution": {"executed_lines": [], "summary": {"covered_lines": 0, "num_statements": 2, "percent_covered": 0.0, "percent_covered_display": "0", "missing_lines": 2, "excluded_lines": 0, "percent_statements_covered": 0.0, "percent_statements_covered_display": "0"}, "missing_lines": [177, 181], "excluded_lines": [], "start_line": 176}, "": {"executed_lines": [6, 8, 9, 10, 11, 14, 15, 16, 17, 20, 21, 22, 23, 24, 25, 29, 39, 47, 56, 72, 149, 158, 168, 176], "summary": {"covered_lines": 24, "num_statements": 24, "percent_covered": 100.0, "percent_covered_display": "100", "missing_lines": 0, "excluded_lines": 8, "percent_statements_covered": 100.0, "percent_statements_covered_display": "100"}, "missing_lines": [], "excluded_lines": [184, 185, 186, 187, 188, 189, 190, 191], "start_line": 1}}, "classes": {"Verdict": {"executed_lines": [], "summary": {"covered_lines": 0, "num_statements": 0, "percent_covered": 100.0, "percent_covered_display": "100", "missing_lines": 0, "excluded_lines": 0, "percent_statements_covered": 100.0, "percent_statements_covered_display": "100"}, "missing_lines": [], "excluded_lines": [], "start_line": 14}, "VerificationResult": {"executed_lines": [], "summary": {"covered_lines": 0, "num_statements": 0, "percent_covered": 100.0, "percent_covered_display": "100", "missing_lines": 0, "excluded_lines": 0, "percent_statements_covered": 100.0, "percent_statements_covered_display": "100"}, "missing_lines": [], "excluded_lines": [], "start_line": 21}, "": {"executed_lines": [6, 8, 9, 10, 11, 14, 15, 16, 17, 20, 21, 22, 23, 24, 25, 29, 39, 47, 56, 72, 76, 77, 78, 81, 82, 83, 92, 93, 95, 96, 103, 104, 112, 113, 114, 115, 124, 133, 141, 149, 150, 155, 158, 159, 165, 168, 169, 173, 176], "summary": {"covered_lines": 49, "num_statements": 56, "percent_covered": 87.5, "percent_covered_display": "88", "missing_lines": 7, "excluded_lines": 8, "percent_statements_covered": 87.5, "percent_statements_covered_display": "88"}, "missing_lines": [84, 97, 116, 125, 134, 177, 181], "excluded_lines": [184, 185, 186, 187, 188, 189, 190, 191], "start_line": 1}}}, "src/compliance/verify_api.py": {"executed_lines": [13, 15, 16, 17, 18, 19, 21, 23, 25, 28, 29, 33, 34, 35, 37, 38, 39, 41, 42, 43, 45, 46, 47, 48, 50, 51, 53, 54, 59, 68, 69, 70, 72], "summary": {"covered_lines": 33, "num_statements": 40, "percent_covered": 82.5, "percent_covered_display": "82", "missing_lines": 7, "excluded_lines": 4, "percent_statements_covered": 82.5, "percent_statements_covered_display": "82"}, "missing_lines": [31, 73, 74, 75, 76, 77, 78], "excluded_lines": [81, 82, 83, 84], "functions": {"VerifyHandler.log_message": {"executed_lines": [], "summary": {"covered_lines": 0, "num_statements": 1, "percent_covered": 0.0, "percent_covered_display": "0", "missing_lines": 1, "excluded_lines": 0, "percent_statements_covered": 0.0, "percent_statements_covered_display": "0"}, "missing_lines": [31], "excluded_lines": [], "start_line": 29}, "VerifyHandler.do_GET": {"executed_lines": [34, 35, 37, 38, 39, 41, 42, 43, 45, 46, 47, 48, 50, 51, 53, 54, 59, 68, 69, 70], "summary": {"covered_lines": 20, "num_statements": 20, "percent_covered": 100.0, "percent_covered_display": "100", "missing_lines": 0, "excluded_lines": 0, "percent_statements_covered": 100.0, "percent_statements_covered_display": "100"}, "missing_lines": [], "excluded_lines": [], "start_line": 33}, "VerifyHandler._respond": {"executed_lines": [], "summary": {"covered_lines": 0, "num_statements": 6, "percent_covered": 0.0, "percent_covered_display": "0", "missing_lines": 6, "excluded_lines": 0, "percent_statements_covered": 0.0, "percent_statements_covered_display": "0"}, "missing_lines": [73, 74, 75, 76, 77, 78], "excluded_lines": [], "start_line": 72}, "": {"executed_lines": [13, 15, 16, 17, 18, 19, 21, 23, 25, 28, 29, 33, 72], "summary": {"covered_lines": 13, "num_statements": 13, "percent_covered": 100.0, "percent_covered_display": "100", "missing_lines": 0, "excluded_lines": 4, "percent_statements_covered": 100.0, "percent_statements_covered_display": "100"}, "missing_lines": [], "excluded_lines": [81, 82, 83, 84], "start_line": 1}}, "classes": {"VerifyHandler": {"executed_lines": [34, 35, 37, 38, 39, 41, 42, 43, 45, 46, 47, 48, 50, 51, 53, 54, 59, 68, 69, 70], "summary": {"covered_lines": 20, "num_statements": 27, "percent_covered": 74.07407407407408, "percent_covered_display": "74", "missing_lines": 7, "excluded_lines": 0, "percent_statements_covered": 74.07407407407408, "percent_statements_covered_display": "74"}, "missing_lines": [31, 73, 74, 75, 76, 77, 78], "excluded_lines": [], "start_line": 28}, "": {"executed_lines": [13, 15, 16, 17, 18, 19, 21, 23, 25, 28, 29, 33, 72], "summary": {"covered_lines": 13, "num_statements": 13, "percent_covered": 100.0, "percent_covered_display": "100", "missing_lines": 0, "excluded_lines": 4, "percent_statements_covered": 100.0, "percent_statements_covered_display": "100"}, "missing_lines": [], "excluded_lines": [81, 82, 83, 84], "start_line": 1}}}}, "totals": {"covered_lines": 4257, "num_statements": 5489, "percent_covered": 77.55511022044088, "percent_covered_display": "78", "missing_lines": 1232, "excluded_lines": 464, "percent_statements_covered": 77.55511022044088, "percent_statements_covered_display": "78"}}